2018-11-22 15:02:49.520 [main] DEBUG net.sppan.base.config.listener.ApplicationEventListener - 初始化环境变量
2018-11-22 15:02:49.589 [main] INFO  net.sppan.base.Application - Starting Application on DESKTOP-3F7D5H0 with PID 76304 (D:\CoderLife\IdeaProjects\springboot_authority\target\classes started by simple-boom in D:\CoderLife\IdeaProjects\springboot_authority)
2018-11-22 15:02:49.589 [main] DEBUG net.sppan.base.Application - Running with Spring Boot v1.4.2.RELEASE, Spring v4.3.4.RELEASE
2018-11-22 15:02:49.590 [main] INFO  net.sppan.base.Application - No active profile set, falling back to default profiles: default
2018-11-22 15:31:38.887 [main] DEBUG net.sppan.base.config.listener.ApplicationEventListener - 初始化环境变量
2018-11-22 15:31:38.961 [main] INFO  net.sppan.base.Application - Starting Application on DESKTOP-3F7D5H0 with PID 91256 (D:\CoderLife\IdeaProjects\springboot_authority\target\classes started by simple-boom in D:\CoderLife\IdeaProjects\springboot_authority)
2018-11-22 15:31:38.962 [main] DEBUG net.sppan.base.Application - Running with Spring Boot v1.4.2.RELEASE, Spring v4.3.4.RELEASE
2018-11-22 15:31:38.962 [main] INFO  net.sppan.base.Application - No active profile set, falling back to default profiles: default
2018-11-22 15:31:38.996 [main] DEBUG net.sppan.base.config.listener.ApplicationEventListener - 初始化环境变量完成
2018-11-22 15:31:39.099 [background-preinit] DEBUG org.jboss.logging - Logging Provider: org.jboss.logging.Slf4jLoggerProvider found via system property
2018-11-22 15:31:40.192 [main] DEBUG net.sf.ehcache.config.ConfigurationFactory - Configuring ehcache from InputStream
2018-11-22 15:31:40.206 [main] DEBUG net.sf.ehcache.config.BeanHandler - Ignoring ehcache attribute xmlns:xsi
2018-11-22 15:31:40.206 [main] DEBUG net.sf.ehcache.config.BeanHandler - Ignoring ehcache attribute xsi:noNamespaceSchemaLocation
2018-11-22 15:31:40.207 [main] DEBUG net.sf.ehcache.config.DiskStoreConfiguration - Disk Store Path: C:\Users\SIMPLE~1\AppData\Local\Temp\
2018-11-22 15:31:40.220 [main] DEBUG net.sf.ehcache.util.PropertyUtil - propertiesString is null.
2018-11-22 15:31:40.225 [main] DEBUG net.sf.ehcache.config.ConfigurationHelper - No CacheManagerEventListenerFactory class specified. Skipping...
2018-11-22 15:31:40.250 [main] DEBUG net.sf.ehcache.Cache - No BootstrapCacheLoaderFactory class specified. Skipping...
2018-11-22 15:31:40.250 [main] DEBUG net.sf.ehcache.Cache - CacheWriter factory not configured. Skipping...
2018-11-22 15:31:40.250 [main] DEBUG net.sf.ehcache.config.ConfigurationHelper - No CacheExceptionHandlerFactory class specified. Skipping...
2018-11-22 15:31:40.255 [main] DEBUG net.sf.ehcache.Cache - No BootstrapCacheLoaderFactory class specified. Skipping...
2018-11-22 15:31:40.256 [main] DEBUG net.sf.ehcache.Cache - CacheWriter factory not configured. Skipping...
2018-11-22 15:31:40.256 [main] DEBUG net.sf.ehcache.config.ConfigurationHelper - No CacheExceptionHandlerFactory class specified. Skipping...
2018-11-22 15:31:40.256 [main] WARN  net.sf.ehcache.config.CacheConfiguration - Configuration problem for cache resourceCache: MaxEntriesLocalHeap equal or greater than MaxEntriesLocalDisk. This will result in useless disk storage.
2018-11-22 15:31:40.270 [main] DEBUG net.sf.ehcache.DiskStorePathManager - Using diskstore path C:\Users\SIMPLE~1\AppData\Local\Temp
2018-11-22 15:31:40.270 [main] DEBUG net.sf.ehcache.DiskStorePathManager - Holding exclusive lock on C:\Users\SIMPLE~1\AppData\Local\Temp\.ehcache-diskstore.lock
2018-11-22 15:31:40.271 [main] DEBUG net.sf.ehcache.store.disk.DiskStorageFactory - Failed to delete file resource%0043ache.data
2018-11-22 15:31:40.271 [main] DEBUG net.sf.ehcache.store.disk.DiskStorageFactory - Failed to delete file resource%0043ache.index
2018-11-22 15:31:40.277 [main] DEBUG net.sf.ehcache.store.disk.DiskStorageFactory - Matching data file missing (or empty) for index file. Deleting index file C:\Users\SIMPLE~1\AppData\Local\Temp\resource%0043ache.index
2018-11-22 15:31:40.277 [main] DEBUG net.sf.ehcache.store.disk.DiskStorageFactory - Failed to delete file resource%0043ache.index
2018-11-22 15:31:40.306 [main] DEBUG net.sf.ehcache.statistics.extended.ExtendedStatisticsImpl - Mocking Pass-Through Statistic: LOCAL_OFFHEAP_SIZE
2018-11-22 15:31:40.307 [main] DEBUG net.sf.ehcache.statistics.extended.ExtendedStatisticsImpl - Mocking Pass-Through Statistic: LOCAL_OFFHEAP_SIZE_BYTES
2018-11-22 15:31:40.307 [main] DEBUG net.sf.ehcache.statistics.extended.ExtendedStatisticsImpl - Mocking Pass-Through Statistic: WRITER_QUEUE_LENGTH
2018-11-22 15:31:40.307 [main] DEBUG net.sf.ehcache.statistics.extended.ExtendedStatisticsImpl - Mocking Pass-Through Statistic: REMOTE_SIZE
2018-11-22 15:31:40.308 [main] DEBUG net.sf.ehcache.statistics.extended.ExtendedStatisticsImpl - Mocking Pass-Through Statistic: LAST_REJOIN_TIMESTAMP
2018-11-22 15:31:40.314 [main] DEBUG net.sf.ehcache.statistics.extended.ExtendedStatisticsImpl - Mocking Operation Statistic: OFFHEAP_GET
2018-11-22 15:31:40.315 [main] DEBUG net.sf.ehcache.statistics.extended.ExtendedStatisticsImpl - Mocking Operation Statistic: OFFHEAP_PUT
2018-11-22 15:31:40.315 [main] DEBUG net.sf.ehcache.statistics.extended.ExtendedStatisticsImpl - Mocking Operation Statistic: OFFHEAP_REMOVE
2018-11-22 15:31:40.316 [main] DEBUG net.sf.ehcache.statistics.extended.ExtendedStatisticsImpl - Mocking Operation Statistic: XA_COMMIT
2018-11-22 15:31:40.316 [main] DEBUG net.sf.ehcache.statistics.extended.ExtendedStatisticsImpl - Mocking Operation Statistic: XA_ROLLBACK
2018-11-22 15:31:40.316 [main] DEBUG net.sf.ehcache.statistics.extended.ExtendedStatisticsImpl - Mocking Operation Statistic: XA_RECOVERY
2018-11-22 15:31:40.316 [main] DEBUG net.sf.ehcache.statistics.extended.ExtendedStatisticsImpl - Mocking Operation Statistic: CLUSTER_EVENT
2018-11-22 15:31:40.316 [main] DEBUG net.sf.ehcache.statistics.extended.ExtendedStatisticsImpl - Mocking Operation Statistic: NONSTOP
2018-11-22 15:31:40.320 [main] DEBUG net.sf.ehcache.Cache - Initialised cache: resourceCache
2018-11-22 15:31:40.320 [main] DEBUG net.sf.ehcache.config.ConfigurationHelper - CacheDecoratorFactory not configured. Skipping for 'resourceCache'.
2018-11-22 15:31:40.320 [main] DEBUG net.sf.ehcache.config.ConfigurationHelper - CacheDecoratorFactory not configured for defaultCache. Skipping for 'resourceCache'.
2018-11-22 15:31:40.754 [main] INFO  com.alibaba.druid.pool.DruidDataSource - {dataSource-1} inited
2018-11-22 15:31:41.246 [main] DEBUG org.hibernate.SQL - alter table tb_resource drop foreign key FKf5ra2gn0xedeida2op8097sr5
2018-11-22 15:31:41.274 [main] DEBUG org.hibernate.SQL - alter table tb_role_resource drop foreign key FK868kc8iic48ilv5npa80ut6qo
2018-11-22 15:31:41.298 [main] DEBUG org.hibernate.SQL - alter table tb_role_resource drop foreign key FK7ffc7h6obqxflhj1aq1mk20jk
2018-11-22 15:31:41.313 [main] DEBUG org.hibernate.SQL - alter table tb_user_role drop foreign key FKea2ootw6b6bb0xt3ptl28bymv
2018-11-22 15:31:41.334 [main] DEBUG org.hibernate.SQL - alter table tb_user_role drop foreign key FK7vn3h53d0tqdimm8cp45gc0kl
2018-11-22 15:31:41.349 [main] DEBUG org.hibernate.SQL - drop table if exists tb_resource
2018-11-22 15:31:41.365 [main] DEBUG org.hibernate.SQL - drop table if exists tb_role
2018-11-22 15:31:41.378 [main] DEBUG org.hibernate.SQL - drop table if exists tb_role_resource
2018-11-22 15:31:41.390 [main] DEBUG org.hibernate.SQL - drop table if exists tb_user
2018-11-22 15:31:41.402 [main] DEBUG org.hibernate.SQL - drop table if exists tb_user_role
2018-11-22 15:31:41.414 [main] DEBUG org.hibernate.SQL - create table tb_resource (id integer not null auto_increment, create_time datetime, description varchar(255), icon varchar(255), is_hide integer, level integer, name varchar(255), sort integer, source_key varchar(255), source_url varchar(255), type integer, update_time datetime, parent_id integer, primary key (id))
2018-11-22 15:31:41.450 [main] DEBUG org.hibernate.SQL - create table tb_role (id integer not null auto_increment, create_time datetime, description varchar(255), name varchar(255), role_key varchar(255), status integer, update_time datetime, primary key (id))
2018-11-22 15:31:41.487 [main] DEBUG org.hibernate.SQL - create table tb_role_resource (role_id integer not null, resource_id integer not null, primary key (role_id, resource_id))
2018-11-22 15:31:41.528 [main] DEBUG org.hibernate.SQL - create table tb_user (id integer not null auto_increment, address varchar(255), birthday datetime, create_time datetime, delete_status integer, description varchar(255), email varchar(255), locked integer, nick_name varchar(255), password varchar(255), sex integer, telephone varchar(255), update_time datetime, user_name varchar(255), primary key (id))
2018-11-22 15:31:41.567 [main] DEBUG org.hibernate.SQL - create table tb_user_role (user_id integer not null, role_id integer not null, primary key (user_id, role_id))
2018-11-22 15:31:41.603 [main] DEBUG org.hibernate.SQL - alter table tb_resource add constraint FKf5ra2gn0xedeida2op8097sr5 foreign key (parent_id) references tb_resource (id)
2018-11-22 15:31:41.690 [main] DEBUG org.hibernate.SQL - alter table tb_role_resource add constraint FK868kc8iic48ilv5npa80ut6qo foreign key (resource_id) references tb_resource (id)
2018-11-22 15:31:41.959 [main] DEBUG org.hibernate.SQL - alter table tb_role_resource add constraint FK7ffc7h6obqxflhj1aq1mk20jk foreign key (role_id) references tb_role (id)
2018-11-22 15:31:42.201 [main] DEBUG org.hibernate.SQL - alter table tb_user_role add constraint FKea2ootw6b6bb0xt3ptl28bymv foreign key (role_id) references tb_role (id)
2018-11-22 15:31:42.514 [main] DEBUG org.hibernate.SQL - alter table tb_user_role add constraint FK7vn3h53d0tqdimm8cp45gc0kl foreign key (user_id) references tb_user (id)
2018-11-22 15:31:43.357 [main] INFO  org.apache.catalina.core.StandardService - Starting service Tomcat
2018-11-22 15:31:43.358 [main] INFO  org.apache.catalina.core.StandardEngine - Starting Servlet Engine: Apache Tomcat/8.5.6
2018-11-22 15:31:43.454 [localhost-startStop-1] INFO  org.apache.catalina.core.ContainerBase.[Tomcat].[localhost].[/] - Initializing Spring embedded WebApplicationContext
2018-11-22 15:31:44.596 [main] DEBUG net.sppan.base.config.listener.ApplicationEventListener - 应用刷新
2018-11-22 15:31:44.601 [main] INFO  org.apache.coyote.http11.Http11NioProtocol - Initializing ProtocolHandler ["http-nio-8080"]
2018-11-22 15:31:44.606 [main] INFO  org.apache.coyote.http11.Http11NioProtocol - Starting ProtocolHandler [http-nio-8080]
2018-11-22 15:31:44.610 [main] ERROR org.apache.coyote.http11.Http11NioProtocol - Failed to start end point associated with ProtocolHandler [http-nio-8080]
java.net.BindException: Address already in use: bind
	at sun.nio.ch.Net.bind0(Native Method)
	at sun.nio.ch.Net.bind(Net.java:433)
	at sun.nio.ch.Net.bind(Net.java:425)
	at sun.nio.ch.ServerSocketChannelImpl.bind(ServerSocketChannelImpl.java:223)
	at sun.nio.ch.ServerSocketAdaptor.bind(ServerSocketAdaptor.java:74)
	at org.apache.tomcat.util.net.NioEndpoint.bind(NioEndpoint.java:228)
	at org.apache.tomcat.util.net.AbstractEndpoint.start(AbstractEndpoint.java:874)
	at org.apache.coyote.AbstractProtocol.start(AbstractProtocol.java:590)
	at org.apache.catalina.connector.Connector.startInternal(Connector.java:969)
	at org.apache.catalina.util.LifecycleBase.start(LifecycleBase.java:150)
	at org.apache.catalina.core.StandardService.addConnector(StandardService.java:225)
	at org.springframework.boot.context.embedded.tomcat.TomcatEmbeddedServletContainer.addPreviouslyRemovedConnectors(TomcatEmbeddedServletContainer.java:233)
	at org.springframework.boot.context.embedded.tomcat.TomcatEmbeddedServletContainer.start(TomcatEmbeddedServletContainer.java:178)
	at org.springframework.boot.context.embedded.EmbeddedWebApplicationContext.startEmbeddedServletContainer(EmbeddedWebApplicationContext.java:297)
	at org.springframework.boot.context.embedded.EmbeddedWebApplicationContext.finishRefresh(EmbeddedWebApplicationContext.java:145)
	at org.springframework.context.support.AbstractApplicationContext.refresh(AbstractApplicationContext.java:545)
	at org.springframework.boot.context.embedded.EmbeddedWebApplicationContext.refresh(EmbeddedWebApplicationContext.java:122)
	at org.springframework.boot.SpringApplication.refresh(SpringApplication.java:761)
	at org.springframework.boot.SpringApplication.refreshContext(SpringApplication.java:371)
	at org.springframework.boot.SpringApplication.run(SpringApplication.java:315)
	at org.springframework.boot.SpringApplication.run(SpringApplication.java:1186)
	at org.springframework.boot.SpringApplication.run(SpringApplication.java:1175)
	at net.sppan.base.Application.main(Application.java:17)
2018-11-22 15:31:44.610 [main] ERROR org.apache.catalina.core.StandardService - Failed to start connector [Connector[HTTP/1.1-8080]]
org.apache.catalina.LifecycleException: Failed to start component [Connector[HTTP/1.1-8080]]
	at org.apache.catalina.util.LifecycleBase.start(LifecycleBase.java:167)
	at org.apache.catalina.core.StandardService.addConnector(StandardService.java:225)
	at org.springframework.boot.context.embedded.tomcat.TomcatEmbeddedServletContainer.addPreviouslyRemovedConnectors(TomcatEmbeddedServletContainer.java:233)
	at org.springframework.boot.context.embedded.tomcat.TomcatEmbeddedServletContainer.start(TomcatEmbeddedServletContainer.java:178)
	at org.springframework.boot.context.embedded.EmbeddedWebApplicationContext.startEmbeddedServletContainer(EmbeddedWebApplicationContext.java:297)
	at org.springframework.boot.context.embedded.EmbeddedWebApplicationContext.finishRefresh(EmbeddedWebApplicationContext.java:145)
	at org.springframework.context.support.AbstractApplicationContext.refresh(AbstractApplicationContext.java:545)
	at org.springframework.boot.context.embedded.EmbeddedWebApplicationContext.refresh(EmbeddedWebApplicationContext.java:122)
	at org.springframework.boot.SpringApplication.refresh(SpringApplication.java:761)
	at org.springframework.boot.SpringApplication.refreshContext(SpringApplication.java:371)
	at org.springframework.boot.SpringApplication.run(SpringApplication.java:315)
	at org.springframework.boot.SpringApplication.run(SpringApplication.java:1186)
	at org.springframework.boot.SpringApplication.run(SpringApplication.java:1175)
	at net.sppan.base.Application.main(Application.java:17)
Caused by: org.apache.catalina.LifecycleException: service.getName(): "Tomcat";  Protocol handler start failed
	at org.apache.catalina.connector.Connector.startInternal(Connector.java:976)
	at org.apache.catalina.util.LifecycleBase.start(LifecycleBase.java:150)
	... 13 common frames omitted
Caused by: java.net.BindException: Address already in use: bind
	at sun.nio.ch.Net.bind0(Native Method)
	at sun.nio.ch.Net.bind(Net.java:433)
	at sun.nio.ch.Net.bind(Net.java:425)
	at sun.nio.ch.ServerSocketChannelImpl.bind(ServerSocketChannelImpl.java:223)
	at sun.nio.ch.ServerSocketAdaptor.bind(ServerSocketAdaptor.java:74)
	at org.apache.tomcat.util.net.NioEndpoint.bind(NioEndpoint.java:228)
	at org.apache.tomcat.util.net.AbstractEndpoint.start(AbstractEndpoint.java:874)
	at org.apache.coyote.AbstractProtocol.start(AbstractProtocol.java:590)
	at org.apache.catalina.connector.Connector.startInternal(Connector.java:969)
	... 14 common frames omitted
2018-11-22 15:31:44.619 [main] INFO  org.apache.coyote.http11.Http11NioProtocol - Pausing ProtocolHandler ["http-nio-8080"]
2018-11-22 15:31:44.619 [main] INFO  org.apache.catalina.core.StandardService - Stopping service Tomcat
2018-11-22 15:31:44.629 [main] INFO  org.apache.catalina.util.LifecycleBase - The stop() method was called on component [StandardServer[-1]] after stop() had already been called. The second call will be ignored.
2018-11-22 15:31:44.629 [main] INFO  org.apache.coyote.http11.Http11NioProtocol - Stopping ProtocolHandler ["http-nio-8080"]
2018-11-22 15:31:44.629 [main] INFO  org.apache.coyote.http11.Http11NioProtocol - Destroying ProtocolHandler ["http-nio-8080"]
2018-11-22 15:31:44.636 [main] ERROR org.springframework.boot.diagnostics.LoggingFailureAnalysisReporter - 

***************************
APPLICATION FAILED TO START
***************************

Description:

The Tomcat connector configured to listen on port 8080 failed to start. The port may already be in use or the connector may be misconfigured.

Action:

Verify the connector's configuration, identify and stop any process that's listening on port 8080, or configure this application to listen on another port.

2018-11-22 15:31:44.637 [main] DEBUG net.sppan.base.config.listener.ApplicationEventListener - 应用关闭
2018-11-22 15:31:44.641 [main] INFO  com.alibaba.druid.pool.DruidDataSource - {dataSource-1} closed
2018-11-22 15:31:57.356 [main] DEBUG net.sppan.base.config.listener.ApplicationEventListener - 初始化环境变量
2018-11-22 15:31:57.423 [main] INFO  net.sppan.base.Application - Starting Application on DESKTOP-3F7D5H0 with PID 93400 (D:\CoderLife\IdeaProjects\springboot_authority\target\classes started by simple-boom in D:\CoderLife\IdeaProjects\springboot_authority)
2018-11-22 15:31:57.424 [main] DEBUG net.sppan.base.Application - Running with Spring Boot v1.4.2.RELEASE, Spring v4.3.4.RELEASE
2018-11-22 15:31:57.424 [main] INFO  net.sppan.base.Application - No active profile set, falling back to default profiles: default
2018-11-22 15:31:57.465 [main] DEBUG net.sppan.base.config.listener.ApplicationEventListener - 初始化环境变量完成
2018-11-22 15:31:57.554 [background-preinit] DEBUG org.jboss.logging - Logging Provider: org.jboss.logging.Slf4jLoggerProvider found via system property
2018-11-22 15:31:58.562 [main] DEBUG net.sf.ehcache.config.ConfigurationFactory - Configuring ehcache from InputStream
2018-11-22 15:31:58.571 [main] DEBUG net.sf.ehcache.config.BeanHandler - Ignoring ehcache attribute xmlns:xsi
2018-11-22 15:31:58.571 [main] DEBUG net.sf.ehcache.config.BeanHandler - Ignoring ehcache attribute xsi:noNamespaceSchemaLocation
2018-11-22 15:31:58.571 [main] DEBUG net.sf.ehcache.config.DiskStoreConfiguration - Disk Store Path: C:\Users\SIMPLE~1\AppData\Local\Temp\
2018-11-22 15:31:58.580 [main] DEBUG net.sf.ehcache.util.PropertyUtil - propertiesString is null.
2018-11-22 15:31:58.584 [main] DEBUG net.sf.ehcache.config.ConfigurationHelper - No CacheManagerEventListenerFactory class specified. Skipping...
2018-11-22 15:31:58.605 [main] DEBUG net.sf.ehcache.Cache - No BootstrapCacheLoaderFactory class specified. Skipping...
2018-11-22 15:31:58.605 [main] DEBUG net.sf.ehcache.Cache - CacheWriter factory not configured. Skipping...
2018-11-22 15:31:58.605 [main] DEBUG net.sf.ehcache.config.ConfigurationHelper - No CacheExceptionHandlerFactory class specified. Skipping...
2018-11-22 15:31:58.609 [main] DEBUG net.sf.ehcache.Cache - No BootstrapCacheLoaderFactory class specified. Skipping...
2018-11-22 15:31:58.609 [main] DEBUG net.sf.ehcache.Cache - CacheWriter factory not configured. Skipping...
2018-11-22 15:31:58.609 [main] DEBUG net.sf.ehcache.config.ConfigurationHelper - No CacheExceptionHandlerFactory class specified. Skipping...
2018-11-22 15:31:58.609 [main] WARN  net.sf.ehcache.config.CacheConfiguration - Configuration problem for cache resourceCache: MaxEntriesLocalHeap equal or greater than MaxEntriesLocalDisk. This will result in useless disk storage.
2018-11-22 15:31:58.617 [main] DEBUG net.sf.ehcache.DiskStorePathManager - Using diskstore path C:\Users\SIMPLE~1\AppData\Local\Temp
2018-11-22 15:31:58.617 [main] DEBUG net.sf.ehcache.DiskStorePathManager - Holding exclusive lock on C:\Users\SIMPLE~1\AppData\Local\Temp\.ehcache-diskstore.lock
2018-11-22 15:31:58.618 [main] DEBUG net.sf.ehcache.store.disk.DiskStorageFactory - Failed to delete file resource%0043ache.data
2018-11-22 15:31:58.618 [main] DEBUG net.sf.ehcache.store.disk.DiskStorageFactory - Failed to delete file resource%0043ache.index
2018-11-22 15:31:58.622 [main] DEBUG net.sf.ehcache.store.disk.DiskStorageFactory - Matching data file missing (or empty) for index file. Deleting index file C:\Users\SIMPLE~1\AppData\Local\Temp\resource%0043ache.index
2018-11-22 15:31:58.623 [main] DEBUG net.sf.ehcache.store.disk.DiskStorageFactory - Failed to delete file resource%0043ache.index
2018-11-22 15:31:58.648 [main] DEBUG net.sf.ehcache.statistics.extended.ExtendedStatisticsImpl - Mocking Pass-Through Statistic: LOCAL_OFFHEAP_SIZE
2018-11-22 15:31:58.649 [main] DEBUG net.sf.ehcache.statistics.extended.ExtendedStatisticsImpl - Mocking Pass-Through Statistic: LOCAL_OFFHEAP_SIZE_BYTES
2018-11-22 15:31:58.649 [main] DEBUG net.sf.ehcache.statistics.extended.ExtendedStatisticsImpl - Mocking Pass-Through Statistic: WRITER_QUEUE_LENGTH
2018-11-22 15:31:58.650 [main] DEBUG net.sf.ehcache.statistics.extended.ExtendedStatisticsImpl - Mocking Pass-Through Statistic: REMOTE_SIZE
2018-11-22 15:31:58.650 [main] DEBUG net.sf.ehcache.statistics.extended.ExtendedStatisticsImpl - Mocking Pass-Through Statistic: LAST_REJOIN_TIMESTAMP
2018-11-22 15:31:58.657 [main] DEBUG net.sf.ehcache.statistics.extended.ExtendedStatisticsImpl - Mocking Operation Statistic: OFFHEAP_GET
2018-11-22 15:31:58.657 [main] DEBUG net.sf.ehcache.statistics.extended.ExtendedStatisticsImpl - Mocking Operation Statistic: OFFHEAP_PUT
2018-11-22 15:31:58.657 [main] DEBUG net.sf.ehcache.statistics.extended.ExtendedStatisticsImpl - Mocking Operation Statistic: OFFHEAP_REMOVE
2018-11-22 15:31:58.658 [main] DEBUG net.sf.ehcache.statistics.extended.ExtendedStatisticsImpl - Mocking Operation Statistic: XA_COMMIT
2018-11-22 15:31:58.658 [main] DEBUG net.sf.ehcache.statistics.extended.ExtendedStatisticsImpl - Mocking Operation Statistic: XA_ROLLBACK
2018-11-22 15:31:58.658 [main] DEBUG net.sf.ehcache.statistics.extended.ExtendedStatisticsImpl - Mocking Operation Statistic: XA_RECOVERY
2018-11-22 15:31:58.659 [main] DEBUG net.sf.ehcache.statistics.extended.ExtendedStatisticsImpl - Mocking Operation Statistic: CLUSTER_EVENT
2018-11-22 15:31:58.659 [main] DEBUG net.sf.ehcache.statistics.extended.ExtendedStatisticsImpl - Mocking Operation Statistic: NONSTOP
2018-11-22 15:31:58.662 [main] DEBUG net.sf.ehcache.Cache - Initialised cache: resourceCache
2018-11-22 15:31:58.662 [main] DEBUG net.sf.ehcache.config.ConfigurationHelper - CacheDecoratorFactory not configured. Skipping for 'resourceCache'.
2018-11-22 15:31:58.662 [main] DEBUG net.sf.ehcache.config.ConfigurationHelper - CacheDecoratorFactory not configured for defaultCache. Skipping for 'resourceCache'.
2018-11-22 15:31:59.149 [main] INFO  com.alibaba.druid.pool.DruidDataSource - {dataSource-1} inited
2018-11-22 15:31:59.606 [main] DEBUG org.hibernate.SQL - alter table tb_resource drop foreign key FKf5ra2gn0xedeida2op8097sr5
2018-11-22 15:31:59.636 [main] DEBUG org.hibernate.SQL - alter table tb_role_resource drop foreign key FK868kc8iic48ilv5npa80ut6qo
2018-11-22 15:31:59.663 [main] DEBUG org.hibernate.SQL - alter table tb_role_resource drop foreign key FK7ffc7h6obqxflhj1aq1mk20jk
2018-11-22 15:31:59.691 [main] DEBUG org.hibernate.SQL - alter table tb_user_role drop foreign key FKea2ootw6b6bb0xt3ptl28bymv
2018-11-22 15:31:59.721 [main] DEBUG org.hibernate.SQL - alter table tb_user_role drop foreign key FK7vn3h53d0tqdimm8cp45gc0kl
2018-11-22 15:31:59.739 [main] DEBUG org.hibernate.SQL - drop table if exists tb_resource
2018-11-22 15:31:59.776 [main] DEBUG org.hibernate.SQL - drop table if exists tb_role
2018-11-22 15:31:59.810 [main] DEBUG org.hibernate.SQL - drop table if exists tb_role_resource
2018-11-22 15:31:59.835 [main] DEBUG org.hibernate.SQL - drop table if exists tb_user
2018-11-22 15:31:59.863 [main] DEBUG org.hibernate.SQL - drop table if exists tb_user_role
2018-11-22 15:31:59.889 [main] DEBUG org.hibernate.SQL - create table tb_resource (id integer not null auto_increment, create_time datetime, description varchar(255), icon varchar(255), is_hide integer, level integer, name varchar(255), sort integer, source_key varchar(255), source_url varchar(255), type integer, update_time datetime, parent_id integer, primary key (id))
2018-11-22 15:31:59.922 [main] DEBUG org.hibernate.SQL - create table tb_role (id integer not null auto_increment, create_time datetime, description varchar(255), name varchar(255), role_key varchar(255), status integer, update_time datetime, primary key (id))
2018-11-22 15:32:00.000 [main] DEBUG org.hibernate.SQL - create table tb_role_resource (role_id integer not null, resource_id integer not null, primary key (role_id, resource_id))
2018-11-22 15:32:00.040 [main] DEBUG org.hibernate.SQL - create table tb_user (id integer not null auto_increment, address varchar(255), birthday datetime, create_time datetime, delete_status integer, description varchar(255), email varchar(255), locked integer, nick_name varchar(255), password varchar(255), sex integer, telephone varchar(255), update_time datetime, user_name varchar(255), primary key (id))
2018-11-22 15:32:00.075 [main] DEBUG org.hibernate.SQL - create table tb_user_role (user_id integer not null, role_id integer not null, primary key (user_id, role_id))
2018-11-22 15:32:00.111 [main] DEBUG org.hibernate.SQL - alter table tb_resource add constraint FKf5ra2gn0xedeida2op8097sr5 foreign key (parent_id) references tb_resource (id)
2018-11-22 15:32:00.187 [main] DEBUG org.hibernate.SQL - alter table tb_role_resource add constraint FK868kc8iic48ilv5npa80ut6qo foreign key (resource_id) references tb_resource (id)
2018-11-22 15:32:00.288 [main] DEBUG org.hibernate.SQL - alter table tb_role_resource add constraint FK7ffc7h6obqxflhj1aq1mk20jk foreign key (role_id) references tb_role (id)
2018-11-22 15:32:00.367 [main] DEBUG org.hibernate.SQL - alter table tb_user_role add constraint FKea2ootw6b6bb0xt3ptl28bymv foreign key (role_id) references tb_role (id)
2018-11-22 15:32:00.443 [main] DEBUG org.hibernate.SQL - alter table tb_user_role add constraint FK7vn3h53d0tqdimm8cp45gc0kl foreign key (user_id) references tb_user (id)
2018-11-22 15:32:01.047 [main] INFO  org.apache.catalina.core.StandardService - Starting service Tomcat
2018-11-22 15:32:01.048 [main] INFO  org.apache.catalina.core.StandardEngine - Starting Servlet Engine: Apache Tomcat/8.5.6
2018-11-22 15:32:01.129 [localhost-startStop-1] INFO  org.apache.catalina.core.ContainerBase.[Tomcat].[localhost].[/] - Initializing Spring embedded WebApplicationContext
2018-11-22 15:32:02.237 [main] DEBUG net.sppan.base.config.listener.ApplicationEventListener - 应用刷新
2018-11-22 15:32:02.243 [main] INFO  org.apache.coyote.http11.Http11NioProtocol - Initializing ProtocolHandler ["http-nio-8080"]
2018-11-22 15:32:02.249 [main] INFO  org.apache.coyote.http11.Http11NioProtocol - Starting ProtocolHandler [http-nio-8080]
2018-11-22 15:32:02.257 [main] INFO  org.apache.tomcat.util.net.NioSelectorPool - Using a shared selector for servlet write/read
2018-11-22 15:32:02.268 [main] DEBUG net.sppan.base.config.listener.ApplicationEventListener - 应用已启动完成
2018-11-22 15:32:02.269 [main] INFO  net.sppan.base.Application - Started Application in 5.109 seconds (JVM running for 6.017)
2018-11-22 15:32:02.269 [main] DEBUG net.sppan.base.Application - 启动成功
2018-11-22 15:34:37.276 [http-nio-8080-exec-6] INFO  org.apache.catalina.core.ContainerBase.[Tomcat].[localhost].[/] - Initializing Spring FrameworkServlet 'dispatcherServlet'
2018-11-22 15:34:37.531 [http-nio-8080-exec-6] WARN  org.apache.shiro.mgt.DefaultSecurityManager - Delegate RememberMeManager instance of type [org.apache.shiro.web.mgt.CookieRememberMeManager] threw an exception during getRememberedPrincipals().
org.apache.shiro.crypto.CryptoException: Unable to execute 'doFinal' with cipher instance [javax.crypto.Cipher@6cf405a6].
	at org.apache.shiro.crypto.JcaCipherService.crypt(JcaCipherService.java:462)
	at org.apache.shiro.crypto.JcaCipherService.crypt(JcaCipherService.java:445)
	at org.apache.shiro.crypto.JcaCipherService.decrypt(JcaCipherService.java:390)
	at org.apache.shiro.crypto.JcaCipherService.decrypt(JcaCipherService.java:382)
	at org.apache.shiro.mgt.AbstractRememberMeManager.decrypt(AbstractRememberMeManager.java:489)
	at org.apache.shiro.mgt.AbstractRememberMeManager.convertBytesToPrincipals(AbstractRememberMeManager.java:429)
	at org.apache.shiro.mgt.AbstractRememberMeManager.getRememberedPrincipals(AbstractRememberMeManager.java:396)
	at org.apache.shiro.mgt.DefaultSecurityManager.getRememberedIdentity(DefaultSecurityManager.java:604)
	at org.apache.shiro.mgt.DefaultSecurityManager.resolvePrincipals(DefaultSecurityManager.java:492)
	at org.apache.shiro.mgt.DefaultSecurityManager.createSubject(DefaultSecurityManager.java:342)
	at org.apache.shiro.subject.Subject$Builder.buildSubject(Subject.java:846)
	at org.apache.shiro.web.subject.WebSubject$Builder.buildWebSubject(WebSubject.java:148)
	at org.apache.shiro.web.servlet.AbstractShiroFilter.createSubject(AbstractShiroFilter.java:292)
	at org.apache.shiro.web.servlet.AbstractShiroFilter.doFilterInternal(AbstractShiroFilter.java:359)
	at org.apache.shiro.web.servlet.OncePerRequestFilter.doFilter(OncePerRequestFilter.java:125)
	at org.apache.catalina.core.ApplicationFilterChain.internalDoFilter(ApplicationFilterChain.java:192)
	at org.apache.catalina.core.ApplicationFilterChain.doFilter(ApplicationFilterChain.java:165)
	at org.springframework.orm.jpa.support.OpenEntityManagerInViewFilter.doFilterInternal(OpenEntityManagerInViewFilter.java:178)
	at org.springframework.web.filter.OncePerRequestFilter.doFilter(OncePerRequestFilter.java:107)
	at org.apache.catalina.core.ApplicationFilterChain.internalDoFilter(ApplicationFilterChain.java:192)
	at org.apache.catalina.core.ApplicationFilterChain.doFilter(ApplicationFilterChain.java:165)
	at org.springframework.web.filter.RequestContextFilter.doFilterInternal(RequestContextFilter.java:99)
	at org.springframework.web.filter.OncePerRequestFilter.doFilter(OncePerRequestFilter.java:107)
	at org.apache.catalina.core.ApplicationFilterChain.internalDoFilter(ApplicationFilterChain.java:192)
	at org.apache.catalina.core.ApplicationFilterChain.doFilter(ApplicationFilterChain.java:165)
	at org.springframework.web.filter.HttpPutFormContentFilter.doFilterInternal(HttpPutFormContentFilter.java:89)
	at org.springframework.web.filter.OncePerRequestFilter.doFilter(OncePerRequestFilter.java:107)
	at org.apache.catalina.core.ApplicationFilterChain.internalDoFilter(ApplicationFilterChain.java:192)
	at org.apache.catalina.core.ApplicationFilterChain.doFilter(ApplicationFilterChain.java:165)
	at org.springframework.web.filter.HiddenHttpMethodFilter.doFilterInternal(HiddenHttpMethodFilter.java:77)
	at org.springframework.web.filter.OncePerRequestFilter.doFilter(OncePerRequestFilter.java:107)
	at org.apache.catalina.core.ApplicationFilterChain.internalDoFilter(ApplicationFilterChain.java:192)
	at org.apache.catalina.core.ApplicationFilterChain.doFilter(ApplicationFilterChain.java:165)
	at org.springframework.web.filter.CharacterEncodingFilter.doFilterInternal(CharacterEncodingFilter.java:197)
	at org.springframework.web.filter.OncePerRequestFilter.doFilter(OncePerRequestFilter.java:107)
	at org.apache.catalina.core.ApplicationFilterChain.internalDoFilter(ApplicationFilterChain.java:192)
	at org.apache.catalina.core.ApplicationFilterChain.doFilter(ApplicationFilterChain.java:165)
	at org.apache.catalina.core.StandardWrapperValve.invoke(StandardWrapperValve.java:198)
	at org.apache.catalina.core.StandardContextValve.invoke(StandardContextValve.java:108)
	at org.apache.catalina.authenticator.AuthenticatorBase.invoke(AuthenticatorBase.java:472)
	at org.apache.catalina.core.StandardHostValve.invoke(StandardHostValve.java:140)
	at org.apache.catalina.valves.ErrorReportValve.invoke(ErrorReportValve.java:79)
	at org.apache.catalina.core.StandardEngineValve.invoke(StandardEngineValve.java:87)
	at org.apache.catalina.connector.CoyoteAdapter.service(CoyoteAdapter.java:349)
	at org.apache.coyote.http11.Http11Processor.service(Http11Processor.java:784)
	at org.apache.coyote.AbstractProcessorLight.process(AbstractProcessorLight.java:66)
	at org.apache.coyote.AbstractProtocol$ConnectionHandler.process(AbstractProtocol.java:802)
	at org.apache.tomcat.util.net.NioEndpoint$SocketProcessor.doRun(NioEndpoint.java:1410)
	at org.apache.tomcat.util.net.SocketProcessorBase.run(SocketProcessorBase.java:49)
	at java.util.concurrent.ThreadPoolExecutor.runWorker(ThreadPoolExecutor.java:1149)
	at java.util.concurrent.ThreadPoolExecutor$Worker.run(ThreadPoolExecutor.java:624)
	at org.apache.tomcat.util.threads.TaskThread$WrappingRunnable.run(TaskThread.java:61)
	at java.lang.Thread.run(Thread.java:748)
Caused by: javax.crypto.BadPaddingException: Given final block not properly padded. Such issues can arise if a bad key is used during decryption.
	at com.sun.crypto.provider.CipherCore.doFinal(CipherCore.java:991)
	at com.sun.crypto.provider.CipherCore.doFinal(CipherCore.java:847)
	at com.sun.crypto.provider.AESCipher.engineDoFinal(AESCipher.java:446)
	at javax.crypto.Cipher.doFinal(Cipher.java:2164)
	at org.apache.shiro.crypto.JcaCipherService.crypt(JcaCipherService.java:459)
	... 52 common frames omitted
2018-11-22 15:34:52.762 [http-nio-8080-exec-4] DEBUG org.hibernate.SQL - select user0_.id as id1_3_, user0_.address as address2_3_, user0_.birthday as birthday3_3_, user0_.create_time as create_t4_3_, user0_.delete_status as delete_s5_3_, user0_.description as descript6_3_, user0_.email as email7_3_, user0_.locked as locked8_3_, user0_.nick_name as nick_nam9_3_, user0_.password as passwor10_3_, user0_.sex as sex11_3_, user0_.telephone as telepho12_3_, user0_.update_time as update_13_3_, user0_.user_name as user_na14_3_ from tb_user user0_ where user0_.user_name=?
2018-11-22 15:35:04.775 [http-nio-8080-exec-6] DEBUG org.hibernate.SQL - select user0_.id as id1_3_, user0_.address as address2_3_, user0_.birthday as birthday3_3_, user0_.create_time as create_t4_3_, user0_.delete_status as delete_s5_3_, user0_.description as descript6_3_, user0_.email as email7_3_, user0_.locked as locked8_3_, user0_.nick_name as nick_nam9_3_, user0_.password as passwor10_3_, user0_.sex as sex11_3_, user0_.telephone as telepho12_3_, user0_.update_time as update_13_3_, user0_.user_name as user_na14_3_ from tb_user user0_ where user0_.user_name=?
2018-11-22 15:35:04.836 [http-nio-8080-exec-7] DEBUG org.hibernate.SQL - select user0_.id as id1_3_, user0_.address as address2_3_, user0_.birthday as birthday3_3_, user0_.create_time as create_t4_3_, user0_.delete_status as delete_s5_3_, user0_.description as descript6_3_, user0_.email as email7_3_, user0_.locked as locked8_3_, user0_.nick_name as nick_nam9_3_, user0_.password as passwor10_3_, user0_.sex as sex11_3_, user0_.telephone as telepho12_3_, user0_.update_time as update_13_3_, user0_.user_name as user_na14_3_ from tb_user user0_ where user0_.user_name=?
2018-11-22 15:35:04.839 [http-nio-8080-exec-7] DEBUG org.hibernate.SQL - select roles0_.user_id as user_id1_4_0_, roles0_.role_id as role_id2_4_0_, role1_.id as id1_1_1_, role1_.create_time as create_t2_1_1_, role1_.description as descript3_1_1_, role1_.name as name4_1_1_, role1_.role_key as role_key5_1_1_, role1_.status as status6_1_1_, role1_.update_time as update_t7_1_1_ from tb_user_role roles0_ inner join tb_role role1_ on roles0_.role_id=role1_.id where roles0_.user_id=?
2018-11-22 15:35:04.851 [http-nio-8080-exec-7] DEBUG org.hibernate.SQL - select resources0_.role_id as role_id1_2_0_, resources0_.resource_id as resource2_2_0_, resource1_.id as id1_0_1_, resource1_.create_time as create_t2_0_1_, resource1_.description as descript3_0_1_, resource1_.icon as icon4_0_1_, resource1_.is_hide as is_hide5_0_1_, resource1_.level as level6_0_1_, resource1_.name as name7_0_1_, resource1_.parent_id as parent_13_0_1_, resource1_.sort as sort8_0_1_, resource1_.source_key as source_k9_0_1_, resource1_.source_url as source_10_0_1_, resource1_.type as type11_0_1_, resource1_.update_time as update_12_0_1_ from tb_role_resource resources0_ inner join tb_resource resource1_ on resources0_.resource_id=resource1_.id where resources0_.role_id=?
2018-11-22 15:35:04.856 [http-nio-8080-exec-7] DEBUG org.hibernate.SQL - select user0_.id as id1_3_, user0_.address as address2_3_, user0_.birthday as birthday3_3_, user0_.create_time as create_t4_3_, user0_.delete_status as delete_s5_3_, user0_.description as descript6_3_, user0_.email as email7_3_, user0_.locked as locked8_3_, user0_.nick_name as nick_nam9_3_, user0_.password as passwor10_3_, user0_.sex as sex11_3_, user0_.telephone as telepho12_3_, user0_.update_time as update_13_3_, user0_.user_name as user_na14_3_ from tb_user user0_ where user0_.user_name=?
2018-11-22 15:35:04.859 [http-nio-8080-exec-7] DEBUG org.hibernate.SQL - select user0_.id as id1_3_, user0_.address as address2_3_, user0_.birthday as birthday3_3_, user0_.create_time as create_t4_3_, user0_.delete_status as delete_s5_3_, user0_.description as descript6_3_, user0_.email as email7_3_, user0_.locked as locked8_3_, user0_.nick_name as nick_nam9_3_, user0_.password as passwor10_3_, user0_.sex as sex11_3_, user0_.telephone as telepho12_3_, user0_.update_time as update_13_3_, user0_.user_name as user_na14_3_ from tb_user user0_ where user0_.user_name=?
2018-11-22 15:35:09.751 [http-nio-8080-exec-9] DEBUG org.hibernate.SQL - select user0_.id as id1_3_, user0_.address as address2_3_, user0_.birthday as birthday3_3_, user0_.create_time as create_t4_3_, user0_.delete_status as delete_s5_3_, user0_.description as descript6_3_, user0_.email as email7_3_, user0_.locked as locked8_3_, user0_.nick_name as nick_nam9_3_, user0_.password as passwor10_3_, user0_.sex as sex11_3_, user0_.telephone as telepho12_3_, user0_.update_time as update_13_3_, user0_.user_name as user_na14_3_ from tb_user user0_ where user0_.user_name=?
2018-11-22 15:35:09.753 [http-nio-8080-exec-9] DEBUG org.hibernate.SQL - select roles0_.user_id as user_id1_4_0_, roles0_.role_id as role_id2_4_0_, role1_.id as id1_1_1_, role1_.create_time as create_t2_1_1_, role1_.description as descript3_1_1_, role1_.name as name4_1_1_, role1_.role_key as role_key5_1_1_, role1_.status as status6_1_1_, role1_.update_time as update_t7_1_1_ from tb_user_role roles0_ inner join tb_role role1_ on roles0_.role_id=role1_.id where roles0_.user_id=?
2018-11-22 15:35:09.754 [http-nio-8080-exec-9] DEBUG org.hibernate.SQL - select resources0_.role_id as role_id1_2_0_, resources0_.resource_id as resource2_2_0_, resource1_.id as id1_0_1_, resource1_.create_time as create_t2_0_1_, resource1_.description as descript3_0_1_, resource1_.icon as icon4_0_1_, resource1_.is_hide as is_hide5_0_1_, resource1_.level as level6_0_1_, resource1_.name as name7_0_1_, resource1_.parent_id as parent_13_0_1_, resource1_.sort as sort8_0_1_, resource1_.source_key as source_k9_0_1_, resource1_.source_url as source_10_0_1_, resource1_.type as type11_0_1_, resource1_.update_time as update_12_0_1_ from tb_role_resource resources0_ inner join tb_resource resource1_ on resources0_.resource_id=resource1_.id where resources0_.role_id=?
2018-11-22 15:35:09.759 [http-nio-8080-exec-9] DEBUG org.hibernate.SQL - select user0_.id as id1_3_, user0_.address as address2_3_, user0_.birthday as birthday3_3_, user0_.create_time as create_t4_3_, user0_.delete_status as delete_s5_3_, user0_.description as descript6_3_, user0_.email as email7_3_, user0_.locked as locked8_3_, user0_.nick_name as nick_nam9_3_, user0_.password as passwor10_3_, user0_.sex as sex11_3_, user0_.telephone as telepho12_3_, user0_.update_time as update_13_3_, user0_.user_name as user_na14_3_ from tb_user user0_ where user0_.user_name=?
2018-11-22 15:35:09.762 [http-nio-8080-exec-9] DEBUG org.hibernate.SQL - select user0_.id as id1_3_, user0_.address as address2_3_, user0_.birthday as birthday3_3_, user0_.create_time as create_t4_3_, user0_.delete_status as delete_s5_3_, user0_.description as descript6_3_, user0_.email as email7_3_, user0_.locked as locked8_3_, user0_.nick_name as nick_nam9_3_, user0_.password as passwor10_3_, user0_.sex as sex11_3_, user0_.telephone as telepho12_3_, user0_.update_time as update_13_3_, user0_.user_name as user_na14_3_ from tb_user user0_ where user0_.user_name=?
2018-11-22 15:35:09.764 [http-nio-8080-exec-9] DEBUG org.hibernate.SQL - select user0_.id as id1_3_, user0_.address as address2_3_, user0_.birthday as birthday3_3_, user0_.create_time as create_t4_3_, user0_.delete_status as delete_s5_3_, user0_.description as descript6_3_, user0_.email as email7_3_, user0_.locked as locked8_3_, user0_.nick_name as nick_nam9_3_, user0_.password as passwor10_3_, user0_.sex as sex11_3_, user0_.telephone as telepho12_3_, user0_.update_time as update_13_3_, user0_.user_name as user_na14_3_ from tb_user user0_ where user0_.user_name=?
2018-11-22 15:35:09.851 [http-nio-8080-exec-2] DEBUG org.hibernate.SQL - select count(user0_.id) as col_0_0_ from tb_user user0_
2018-11-22 15:35:09.853 [http-nio-8080-exec-2] DEBUG org.hibernate.SQL - select user0_.id as id1_3_, user0_.address as address2_3_, user0_.birthday as birthday3_3_, user0_.create_time as create_t4_3_, user0_.delete_status as delete_s5_3_, user0_.description as descript6_3_, user0_.email as email7_3_, user0_.locked as locked8_3_, user0_.nick_name as nick_nam9_3_, user0_.password as passwor10_3_, user0_.sex as sex11_3_, user0_.telephone as telepho12_3_, user0_.update_time as update_13_3_, user0_.user_name as user_na14_3_ from tb_user user0_ limit ?
2018-11-22 15:35:09.887 [http-nio-8080-exec-2] DEBUG org.hibernate.SQL - select roles0_.user_id as user_id1_4_0_, roles0_.role_id as role_id2_4_0_, role1_.id as id1_1_1_, role1_.create_time as create_t2_1_1_, role1_.description as descript3_1_1_, role1_.name as name4_1_1_, role1_.role_key as role_key5_1_1_, role1_.status as status6_1_1_, role1_.update_time as update_t7_1_1_ from tb_user_role roles0_ inner join tb_role role1_ on roles0_.role_id=role1_.id where roles0_.user_id=?
2018-11-22 15:35:09.888 [http-nio-8080-exec-2] DEBUG org.hibernate.SQL - select resources0_.role_id as role_id1_2_0_, resources0_.resource_id as resource2_2_0_, resource1_.id as id1_0_1_, resource1_.create_time as create_t2_0_1_, resource1_.description as descript3_0_1_, resource1_.icon as icon4_0_1_, resource1_.is_hide as is_hide5_0_1_, resource1_.level as level6_0_1_, resource1_.name as name7_0_1_, resource1_.parent_id as parent_13_0_1_, resource1_.sort as sort8_0_1_, resource1_.source_key as source_k9_0_1_, resource1_.source_url as source_10_0_1_, resource1_.type as type11_0_1_, resource1_.update_time as update_12_0_1_ from tb_role_resource resources0_ inner join tb_resource resource1_ on resources0_.resource_id=resource1_.id where resources0_.role_id=?
2018-11-22 15:35:21.655 [http-nio-8080-exec-5] DEBUG org.hibernate.SQL - select user0_.id as id1_3_, user0_.address as address2_3_, user0_.birthday as birthday3_3_, user0_.create_time as create_t4_3_, user0_.delete_status as delete_s5_3_, user0_.description as descript6_3_, user0_.email as email7_3_, user0_.locked as locked8_3_, user0_.nick_name as nick_nam9_3_, user0_.password as passwor10_3_, user0_.sex as sex11_3_, user0_.telephone as telepho12_3_, user0_.update_time as update_13_3_, user0_.user_name as user_na14_3_ from tb_user user0_ where user0_.user_name=?
2018-11-22 15:35:21.657 [http-nio-8080-exec-5] DEBUG org.hibernate.SQL - select roles0_.user_id as user_id1_4_0_, roles0_.role_id as role_id2_4_0_, role1_.id as id1_1_1_, role1_.create_time as create_t2_1_1_, role1_.description as descript3_1_1_, role1_.name as name4_1_1_, role1_.role_key as role_key5_1_1_, role1_.status as status6_1_1_, role1_.update_time as update_t7_1_1_ from tb_user_role roles0_ inner join tb_role role1_ on roles0_.role_id=role1_.id where roles0_.user_id=?
2018-11-22 15:35:21.657 [http-nio-8080-exec-5] DEBUG org.hibernate.SQL - select resources0_.role_id as role_id1_2_0_, resources0_.resource_id as resource2_2_0_, resource1_.id as id1_0_1_, resource1_.create_time as create_t2_0_1_, resource1_.description as descript3_0_1_, resource1_.icon as icon4_0_1_, resource1_.is_hide as is_hide5_0_1_, resource1_.level as level6_0_1_, resource1_.name as name7_0_1_, resource1_.parent_id as parent_13_0_1_, resource1_.sort as sort8_0_1_, resource1_.source_key as source_k9_0_1_, resource1_.source_url as source_10_0_1_, resource1_.type as type11_0_1_, resource1_.update_time as update_12_0_1_ from tb_role_resource resources0_ inner join tb_resource resource1_ on resources0_.resource_id=resource1_.id where resources0_.role_id=?
2018-11-22 15:35:21.661 [http-nio-8080-exec-5] DEBUG org.hibernate.SQL - select user0_.id as id1_3_, user0_.address as address2_3_, user0_.birthday as birthday3_3_, user0_.create_time as create_t4_3_, user0_.delete_status as delete_s5_3_, user0_.description as descript6_3_, user0_.email as email7_3_, user0_.locked as locked8_3_, user0_.nick_name as nick_nam9_3_, user0_.password as passwor10_3_, user0_.sex as sex11_3_, user0_.telephone as telepho12_3_, user0_.update_time as update_13_3_, user0_.user_name as user_na14_3_ from tb_user user0_ where user0_.user_name=?
2018-11-22 15:35:21.663 [http-nio-8080-exec-5] DEBUG org.hibernate.SQL - select user0_.id as id1_3_, user0_.address as address2_3_, user0_.birthday as birthday3_3_, user0_.create_time as create_t4_3_, user0_.delete_status as delete_s5_3_, user0_.description as descript6_3_, user0_.email as email7_3_, user0_.locked as locked8_3_, user0_.nick_name as nick_nam9_3_, user0_.password as passwor10_3_, user0_.sex as sex11_3_, user0_.telephone as telepho12_3_, user0_.update_time as update_13_3_, user0_.user_name as user_na14_3_ from tb_user user0_ where user0_.user_name=?
2018-11-22 15:35:21.665 [http-nio-8080-exec-5] DEBUG org.hibernate.SQL - select user0_.id as id1_3_, user0_.address as address2_3_, user0_.birthday as birthday3_3_, user0_.create_time as create_t4_3_, user0_.delete_status as delete_s5_3_, user0_.description as descript6_3_, user0_.email as email7_3_, user0_.locked as locked8_3_, user0_.nick_name as nick_nam9_3_, user0_.password as passwor10_3_, user0_.sex as sex11_3_, user0_.telephone as telepho12_3_, user0_.update_time as update_13_3_, user0_.user_name as user_na14_3_ from tb_user user0_ where user0_.user_name=?
2018-11-22 15:35:21.727 [http-nio-8080-exec-1] DEBUG org.hibernate.SQL - select count(role0_.id) as col_0_0_ from tb_role role0_
2018-11-22 15:35:21.728 [http-nio-8080-exec-1] DEBUG org.hibernate.SQL - select role0_.id as id1_1_, role0_.create_time as create_t2_1_, role0_.description as descript3_1_, role0_.name as name4_1_, role0_.role_key as role_key5_1_, role0_.status as status6_1_, role0_.update_time as update_t7_1_ from tb_role role0_ limit ?
2018-11-22 15:35:21.737 [http-nio-8080-exec-1] DEBUG org.hibernate.SQL - select resources0_.role_id as role_id1_2_0_, resources0_.resource_id as resource2_2_0_, resource1_.id as id1_0_1_, resource1_.create_time as create_t2_0_1_, resource1_.description as descript3_0_1_, resource1_.icon as icon4_0_1_, resource1_.is_hide as is_hide5_0_1_, resource1_.level as level6_0_1_, resource1_.name as name7_0_1_, resource1_.parent_id as parent_13_0_1_, resource1_.sort as sort8_0_1_, resource1_.source_key as source_k9_0_1_, resource1_.source_url as source_10_0_1_, resource1_.type as type11_0_1_, resource1_.update_time as update_12_0_1_ from tb_role_resource resources0_ inner join tb_resource resource1_ on resources0_.resource_id=resource1_.id where resources0_.role_id=?
2018-11-22 15:35:26.060 [http-nio-8080-exec-9] DEBUG org.hibernate.SQL - select user0_.id as id1_3_, user0_.address as address2_3_, user0_.birthday as birthday3_3_, user0_.create_time as create_t4_3_, user0_.delete_status as delete_s5_3_, user0_.description as descript6_3_, user0_.email as email7_3_, user0_.locked as locked8_3_, user0_.nick_name as nick_nam9_3_, user0_.password as passwor10_3_, user0_.sex as sex11_3_, user0_.telephone as telepho12_3_, user0_.update_time as update_13_3_, user0_.user_name as user_na14_3_ from tb_user user0_ where user0_.user_name=?
2018-11-22 15:35:26.062 [http-nio-8080-exec-9] DEBUG org.hibernate.SQL - select roles0_.user_id as user_id1_4_0_, roles0_.role_id as role_id2_4_0_, role1_.id as id1_1_1_, role1_.create_time as create_t2_1_1_, role1_.description as descript3_1_1_, role1_.name as name4_1_1_, role1_.role_key as role_key5_1_1_, role1_.status as status6_1_1_, role1_.update_time as update_t7_1_1_ from tb_user_role roles0_ inner join tb_role role1_ on roles0_.role_id=role1_.id where roles0_.user_id=?
2018-11-22 15:35:26.064 [http-nio-8080-exec-9] DEBUG org.hibernate.SQL - select resources0_.role_id as role_id1_2_0_, resources0_.resource_id as resource2_2_0_, resource1_.id as id1_0_1_, resource1_.create_time as create_t2_0_1_, resource1_.description as descript3_0_1_, resource1_.icon as icon4_0_1_, resource1_.is_hide as is_hide5_0_1_, resource1_.level as level6_0_1_, resource1_.name as name7_0_1_, resource1_.parent_id as parent_13_0_1_, resource1_.sort as sort8_0_1_, resource1_.source_key as source_k9_0_1_, resource1_.source_url as source_10_0_1_, resource1_.type as type11_0_1_, resource1_.update_time as update_12_0_1_ from tb_role_resource resources0_ inner join tb_resource resource1_ on resources0_.resource_id=resource1_.id where resources0_.role_id=?
2018-11-22 15:35:26.070 [http-nio-8080-exec-9] DEBUG org.hibernate.SQL - select user0_.id as id1_3_, user0_.address as address2_3_, user0_.birthday as birthday3_3_, user0_.create_time as create_t4_3_, user0_.delete_status as delete_s5_3_, user0_.description as descript6_3_, user0_.email as email7_3_, user0_.locked as locked8_3_, user0_.nick_name as nick_nam9_3_, user0_.password as passwor10_3_, user0_.sex as sex11_3_, user0_.telephone as telepho12_3_, user0_.update_time as update_13_3_, user0_.user_name as user_na14_3_ from tb_user user0_ where user0_.user_name=?
2018-11-22 15:35:26.074 [http-nio-8080-exec-9] DEBUG org.hibernate.SQL - select user0_.id as id1_3_, user0_.address as address2_3_, user0_.birthday as birthday3_3_, user0_.create_time as create_t4_3_, user0_.delete_status as delete_s5_3_, user0_.description as descript6_3_, user0_.email as email7_3_, user0_.locked as locked8_3_, user0_.nick_name as nick_nam9_3_, user0_.password as passwor10_3_, user0_.sex as sex11_3_, user0_.telephone as telepho12_3_, user0_.update_time as update_13_3_, user0_.user_name as user_na14_3_ from tb_user user0_ where user0_.user_name=?
2018-11-22 15:35:26.077 [http-nio-8080-exec-9] DEBUG org.hibernate.SQL - select user0_.id as id1_3_, user0_.address as address2_3_, user0_.birthday as birthday3_3_, user0_.create_time as create_t4_3_, user0_.delete_status as delete_s5_3_, user0_.description as descript6_3_, user0_.email as email7_3_, user0_.locked as locked8_3_, user0_.nick_name as nick_nam9_3_, user0_.password as passwor10_3_, user0_.sex as sex11_3_, user0_.telephone as telepho12_3_, user0_.update_time as update_13_3_, user0_.user_name as user_na14_3_ from tb_user user0_ where user0_.user_name=?
2018-11-22 15:35:26.124 [http-nio-8080-exec-10] DEBUG org.hibernate.SQL - select count(user0_.id) as col_0_0_ from tb_user user0_
2018-11-22 15:35:26.125 [http-nio-8080-exec-10] DEBUG org.hibernate.SQL - select user0_.id as id1_3_, user0_.address as address2_3_, user0_.birthday as birthday3_3_, user0_.create_time as create_t4_3_, user0_.delete_status as delete_s5_3_, user0_.description as descript6_3_, user0_.email as email7_3_, user0_.locked as locked8_3_, user0_.nick_name as nick_nam9_3_, user0_.password as passwor10_3_, user0_.sex as sex11_3_, user0_.telephone as telepho12_3_, user0_.update_time as update_13_3_, user0_.user_name as user_na14_3_ from tb_user user0_ limit ?
2018-11-22 15:35:26.127 [http-nio-8080-exec-10] DEBUG org.hibernate.SQL - select roles0_.user_id as user_id1_4_0_, roles0_.role_id as role_id2_4_0_, role1_.id as id1_1_1_, role1_.create_time as create_t2_1_1_, role1_.description as descript3_1_1_, role1_.name as name4_1_1_, role1_.role_key as role_key5_1_1_, role1_.status as status6_1_1_, role1_.update_time as update_t7_1_1_ from tb_user_role roles0_ inner join tb_role role1_ on roles0_.role_id=role1_.id where roles0_.user_id=?
2018-11-22 15:35:26.128 [http-nio-8080-exec-10] DEBUG org.hibernate.SQL - select resources0_.role_id as role_id1_2_0_, resources0_.resource_id as resource2_2_0_, resource1_.id as id1_0_1_, resource1_.create_time as create_t2_0_1_, resource1_.description as descript3_0_1_, resource1_.icon as icon4_0_1_, resource1_.is_hide as is_hide5_0_1_, resource1_.level as level6_0_1_, resource1_.name as name7_0_1_, resource1_.parent_id as parent_13_0_1_, resource1_.sort as sort8_0_1_, resource1_.source_key as source_k9_0_1_, resource1_.source_url as source_10_0_1_, resource1_.type as type11_0_1_, resource1_.update_time as update_12_0_1_ from tb_role_resource resources0_ inner join tb_resource resource1_ on resources0_.resource_id=resource1_.id where resources0_.role_id=?
2018-11-22 15:35:26.962 [http-nio-8080-exec-4] DEBUG org.hibernate.SQL - select user0_.id as id1_3_, user0_.address as address2_3_, user0_.birthday as birthday3_3_, user0_.create_time as create_t4_3_, user0_.delete_status as delete_s5_3_, user0_.description as descript6_3_, user0_.email as email7_3_, user0_.locked as locked8_3_, user0_.nick_name as nick_nam9_3_, user0_.password as passwor10_3_, user0_.sex as sex11_3_, user0_.telephone as telepho12_3_, user0_.update_time as update_13_3_, user0_.user_name as user_na14_3_ from tb_user user0_ where user0_.user_name=?
2018-11-22 15:35:26.965 [http-nio-8080-exec-4] DEBUG org.hibernate.SQL - select roles0_.user_id as user_id1_4_0_, roles0_.role_id as role_id2_4_0_, role1_.id as id1_1_1_, role1_.create_time as create_t2_1_1_, role1_.description as descript3_1_1_, role1_.name as name4_1_1_, role1_.role_key as role_key5_1_1_, role1_.status as status6_1_1_, role1_.update_time as update_t7_1_1_ from tb_user_role roles0_ inner join tb_role role1_ on roles0_.role_id=role1_.id where roles0_.user_id=?
2018-11-22 15:35:26.967 [http-nio-8080-exec-4] DEBUG org.hibernate.SQL - select resources0_.role_id as role_id1_2_0_, resources0_.resource_id as resource2_2_0_, resource1_.id as id1_0_1_, resource1_.create_time as create_t2_0_1_, resource1_.description as descript3_0_1_, resource1_.icon as icon4_0_1_, resource1_.is_hide as is_hide5_0_1_, resource1_.level as level6_0_1_, resource1_.name as name7_0_1_, resource1_.parent_id as parent_13_0_1_, resource1_.sort as sort8_0_1_, resource1_.source_key as source_k9_0_1_, resource1_.source_url as source_10_0_1_, resource1_.type as type11_0_1_, resource1_.update_time as update_12_0_1_ from tb_role_resource resources0_ inner join tb_resource resource1_ on resources0_.resource_id=resource1_.id where resources0_.role_id=?
2018-11-22 15:35:27.004 [http-nio-8080-exec-4] DEBUG org.hibernate.SQL - select user0_.id as id1_3_, user0_.address as address2_3_, user0_.birthday as birthday3_3_, user0_.create_time as create_t4_3_, user0_.delete_status as delete_s5_3_, user0_.description as descript6_3_, user0_.email as email7_3_, user0_.locked as locked8_3_, user0_.nick_name as nick_nam9_3_, user0_.password as passwor10_3_, user0_.sex as sex11_3_, user0_.telephone as telepho12_3_, user0_.update_time as update_13_3_, user0_.user_name as user_na14_3_ from tb_user user0_ where user0_.user_name=?
2018-11-22 15:35:27.007 [http-nio-8080-exec-4] DEBUG org.hibernate.SQL - select user0_.id as id1_3_, user0_.address as address2_3_, user0_.birthday as birthday3_3_, user0_.create_time as create_t4_3_, user0_.delete_status as delete_s5_3_, user0_.description as descript6_3_, user0_.email as email7_3_, user0_.locked as locked8_3_, user0_.nick_name as nick_nam9_3_, user0_.password as passwor10_3_, user0_.sex as sex11_3_, user0_.telephone as telepho12_3_, user0_.update_time as update_13_3_, user0_.user_name as user_na14_3_ from tb_user user0_ where user0_.user_name=?
2018-11-22 15:35:27.009 [http-nio-8080-exec-4] DEBUG org.hibernate.SQL - select user0_.id as id1_3_, user0_.address as address2_3_, user0_.birthday as birthday3_3_, user0_.create_time as create_t4_3_, user0_.delete_status as delete_s5_3_, user0_.description as descript6_3_, user0_.email as email7_3_, user0_.locked as locked8_3_, user0_.nick_name as nick_nam9_3_, user0_.password as passwor10_3_, user0_.sex as sex11_3_, user0_.telephone as telepho12_3_, user0_.update_time as update_13_3_, user0_.user_name as user_na14_3_ from tb_user user0_ where user0_.user_name=?
2018-11-22 15:35:27.067 [http-nio-8080-exec-3] DEBUG org.hibernate.SQL - select count(resource0_.id) as col_0_0_ from tb_resource resource0_
2018-11-22 15:35:27.068 [http-nio-8080-exec-3] DEBUG org.hibernate.SQL - select resource0_.id as id1_0_, resource0_.create_time as create_t2_0_, resource0_.description as descript3_0_, resource0_.icon as icon4_0_, resource0_.is_hide as is_hide5_0_, resource0_.level as level6_0_, resource0_.name as name7_0_, resource0_.parent_id as parent_13_0_, resource0_.sort as sort8_0_, resource0_.source_key as source_k9_0_, resource0_.source_url as source_10_0_, resource0_.type as type11_0_, resource0_.update_time as update_12_0_ from tb_resource resource0_ limit ?
2018-11-22 15:35:28.052 [http-nio-8080-exec-8] DEBUG org.hibernate.SQL - select user0_.id as id1_3_, user0_.address as address2_3_, user0_.birthday as birthday3_3_, user0_.create_time as create_t4_3_, user0_.delete_status as delete_s5_3_, user0_.description as descript6_3_, user0_.email as email7_3_, user0_.locked as locked8_3_, user0_.nick_name as nick_nam9_3_, user0_.password as passwor10_3_, user0_.sex as sex11_3_, user0_.telephone as telepho12_3_, user0_.update_time as update_13_3_, user0_.user_name as user_na14_3_ from tb_user user0_ where user0_.user_name=?
2018-11-22 15:35:28.053 [http-nio-8080-exec-8] DEBUG org.hibernate.SQL - select roles0_.user_id as user_id1_4_0_, roles0_.role_id as role_id2_4_0_, role1_.id as id1_1_1_, role1_.create_time as create_t2_1_1_, role1_.description as descript3_1_1_, role1_.name as name4_1_1_, role1_.role_key as role_key5_1_1_, role1_.status as status6_1_1_, role1_.update_time as update_t7_1_1_ from tb_user_role roles0_ inner join tb_role role1_ on roles0_.role_id=role1_.id where roles0_.user_id=?
2018-11-22 15:35:28.055 [http-nio-8080-exec-8] DEBUG org.hibernate.SQL - select resources0_.role_id as role_id1_2_0_, resources0_.resource_id as resource2_2_0_, resource1_.id as id1_0_1_, resource1_.create_time as create_t2_0_1_, resource1_.description as descript3_0_1_, resource1_.icon as icon4_0_1_, resource1_.is_hide as is_hide5_0_1_, resource1_.level as level6_0_1_, resource1_.name as name7_0_1_, resource1_.parent_id as parent_13_0_1_, resource1_.sort as sort8_0_1_, resource1_.source_key as source_k9_0_1_, resource1_.source_url as source_10_0_1_, resource1_.type as type11_0_1_, resource1_.update_time as update_12_0_1_ from tb_role_resource resources0_ inner join tb_resource resource1_ on resources0_.resource_id=resource1_.id where resources0_.role_id=?
2018-11-22 15:35:28.058 [http-nio-8080-exec-8] DEBUG org.hibernate.SQL - select user0_.id as id1_3_, user0_.address as address2_3_, user0_.birthday as birthday3_3_, user0_.create_time as create_t4_3_, user0_.delete_status as delete_s5_3_, user0_.description as descript6_3_, user0_.email as email7_3_, user0_.locked as locked8_3_, user0_.nick_name as nick_nam9_3_, user0_.password as passwor10_3_, user0_.sex as sex11_3_, user0_.telephone as telepho12_3_, user0_.update_time as update_13_3_, user0_.user_name as user_na14_3_ from tb_user user0_ where user0_.user_name=?
2018-11-22 15:35:28.060 [http-nio-8080-exec-8] DEBUG org.hibernate.SQL - select user0_.id as id1_3_, user0_.address as address2_3_, user0_.birthday as birthday3_3_, user0_.create_time as create_t4_3_, user0_.delete_status as delete_s5_3_, user0_.description as descript6_3_, user0_.email as email7_3_, user0_.locked as locked8_3_, user0_.nick_name as nick_nam9_3_, user0_.password as passwor10_3_, user0_.sex as sex11_3_, user0_.telephone as telepho12_3_, user0_.update_time as update_13_3_, user0_.user_name as user_na14_3_ from tb_user user0_ where user0_.user_name=?
2018-11-22 15:35:28.062 [http-nio-8080-exec-8] DEBUG org.hibernate.SQL - select user0_.id as id1_3_, user0_.address as address2_3_, user0_.birthday as birthday3_3_, user0_.create_time as create_t4_3_, user0_.delete_status as delete_s5_3_, user0_.description as descript6_3_, user0_.email as email7_3_, user0_.locked as locked8_3_, user0_.nick_name as nick_nam9_3_, user0_.password as passwor10_3_, user0_.sex as sex11_3_, user0_.telephone as telepho12_3_, user0_.update_time as update_13_3_, user0_.user_name as user_na14_3_ from tb_user user0_ where user0_.user_name=?
2018-11-22 15:35:28.118 [http-nio-8080-exec-6] DEBUG org.hibernate.SQL - select count(role0_.id) as col_0_0_ from tb_role role0_
2018-11-22 15:35:28.119 [http-nio-8080-exec-6] DEBUG org.hibernate.SQL - select role0_.id as id1_1_, role0_.create_time as create_t2_1_, role0_.description as descript3_1_, role0_.name as name4_1_, role0_.role_key as role_key5_1_, role0_.status as status6_1_, role0_.update_time as update_t7_1_ from tb_role role0_ limit ?
2018-11-22 15:35:28.121 [http-nio-8080-exec-6] DEBUG org.hibernate.SQL - select resources0_.role_id as role_id1_2_0_, resources0_.resource_id as resource2_2_0_, resource1_.id as id1_0_1_, resource1_.create_time as create_t2_0_1_, resource1_.description as descript3_0_1_, resource1_.icon as icon4_0_1_, resource1_.is_hide as is_hide5_0_1_, resource1_.level as level6_0_1_, resource1_.name as name7_0_1_, resource1_.parent_id as parent_13_0_1_, resource1_.sort as sort8_0_1_, resource1_.source_key as source_k9_0_1_, resource1_.source_url as source_10_0_1_, resource1_.type as type11_0_1_, resource1_.update_time as update_12_0_1_ from tb_role_resource resources0_ inner join tb_resource resource1_ on resources0_.resource_id=resource1_.id where resources0_.role_id=?
2018-11-22 15:35:37.460 [http-nio-8080-exec-5] DEBUG org.hibernate.SQL - select user0_.id as id1_3_, user0_.address as address2_3_, user0_.birthday as birthday3_3_, user0_.create_time as create_t4_3_, user0_.delete_status as delete_s5_3_, user0_.description as descript6_3_, user0_.email as email7_3_, user0_.locked as locked8_3_, user0_.nick_name as nick_nam9_3_, user0_.password as passwor10_3_, user0_.sex as sex11_3_, user0_.telephone as telepho12_3_, user0_.update_time as update_13_3_, user0_.user_name as user_na14_3_ from tb_user user0_ where user0_.user_name=?
2018-11-22 15:35:37.461 [http-nio-8080-exec-5] DEBUG org.hibernate.SQL - select roles0_.user_id as user_id1_4_0_, roles0_.role_id as role_id2_4_0_, role1_.id as id1_1_1_, role1_.create_time as create_t2_1_1_, role1_.description as descript3_1_1_, role1_.name as name4_1_1_, role1_.role_key as role_key5_1_1_, role1_.status as status6_1_1_, role1_.update_time as update_t7_1_1_ from tb_user_role roles0_ inner join tb_role role1_ on roles0_.role_id=role1_.id where roles0_.user_id=?
2018-11-22 15:35:37.462 [http-nio-8080-exec-5] DEBUG org.hibernate.SQL - select resources0_.role_id as role_id1_2_0_, resources0_.resource_id as resource2_2_0_, resource1_.id as id1_0_1_, resource1_.create_time as create_t2_0_1_, resource1_.description as descript3_0_1_, resource1_.icon as icon4_0_1_, resource1_.is_hide as is_hide5_0_1_, resource1_.level as level6_0_1_, resource1_.name as name7_0_1_, resource1_.parent_id as parent_13_0_1_, resource1_.sort as sort8_0_1_, resource1_.source_key as source_k9_0_1_, resource1_.source_url as source_10_0_1_, resource1_.type as type11_0_1_, resource1_.update_time as update_12_0_1_ from tb_role_resource resources0_ inner join tb_resource resource1_ on resources0_.resource_id=resource1_.id where resources0_.role_id=?
2018-11-22 15:35:37.465 [http-nio-8080-exec-5] DEBUG org.hibernate.SQL - select user0_.id as id1_3_, user0_.address as address2_3_, user0_.birthday as birthday3_3_, user0_.create_time as create_t4_3_, user0_.delete_status as delete_s5_3_, user0_.description as descript6_3_, user0_.email as email7_3_, user0_.locked as locked8_3_, user0_.nick_name as nick_nam9_3_, user0_.password as passwor10_3_, user0_.sex as sex11_3_, user0_.telephone as telepho12_3_, user0_.update_time as update_13_3_, user0_.user_name as user_na14_3_ from tb_user user0_ where user0_.user_name=?
2018-11-22 15:35:37.466 [http-nio-8080-exec-5] DEBUG org.hibernate.SQL - select user0_.id as id1_3_, user0_.address as address2_3_, user0_.birthday as birthday3_3_, user0_.create_time as create_t4_3_, user0_.delete_status as delete_s5_3_, user0_.description as descript6_3_, user0_.email as email7_3_, user0_.locked as locked8_3_, user0_.nick_name as nick_nam9_3_, user0_.password as passwor10_3_, user0_.sex as sex11_3_, user0_.telephone as telepho12_3_, user0_.update_time as update_13_3_, user0_.user_name as user_na14_3_ from tb_user user0_ where user0_.user_name=?
2018-11-22 15:35:37.468 [http-nio-8080-exec-5] DEBUG org.hibernate.SQL - select user0_.id as id1_3_, user0_.address as address2_3_, user0_.birthday as birthday3_3_, user0_.create_time as create_t4_3_, user0_.delete_status as delete_s5_3_, user0_.description as descript6_3_, user0_.email as email7_3_, user0_.locked as locked8_3_, user0_.nick_name as nick_nam9_3_, user0_.password as passwor10_3_, user0_.sex as sex11_3_, user0_.telephone as telepho12_3_, user0_.update_time as update_13_3_, user0_.user_name as user_na14_3_ from tb_user user0_ where user0_.user_name=?
2018-11-22 15:35:37.513 [http-nio-8080-exec-1] DEBUG org.hibernate.SQL - select count(user0_.id) as col_0_0_ from tb_user user0_
2018-11-22 15:35:37.514 [http-nio-8080-exec-1] DEBUG org.hibernate.SQL - select user0_.id as id1_3_, user0_.address as address2_3_, user0_.birthday as birthday3_3_, user0_.create_time as create_t4_3_, user0_.delete_status as delete_s5_3_, user0_.description as descript6_3_, user0_.email as email7_3_, user0_.locked as locked8_3_, user0_.nick_name as nick_nam9_3_, user0_.password as passwor10_3_, user0_.sex as sex11_3_, user0_.telephone as telepho12_3_, user0_.update_time as update_13_3_, user0_.user_name as user_na14_3_ from tb_user user0_ limit ?
2018-11-22 15:35:37.516 [http-nio-8080-exec-1] DEBUG org.hibernate.SQL - select roles0_.user_id as user_id1_4_0_, roles0_.role_id as role_id2_4_0_, role1_.id as id1_1_1_, role1_.create_time as create_t2_1_1_, role1_.description as descript3_1_1_, role1_.name as name4_1_1_, role1_.role_key as role_key5_1_1_, role1_.status as status6_1_1_, role1_.update_time as update_t7_1_1_ from tb_user_role roles0_ inner join tb_role role1_ on roles0_.role_id=role1_.id where roles0_.user_id=?
2018-11-22 15:35:37.518 [http-nio-8080-exec-1] DEBUG org.hibernate.SQL - select resources0_.role_id as role_id1_2_0_, resources0_.resource_id as resource2_2_0_, resource1_.id as id1_0_1_, resource1_.create_time as create_t2_0_1_, resource1_.description as descript3_0_1_, resource1_.icon as icon4_0_1_, resource1_.is_hide as is_hide5_0_1_, resource1_.level as level6_0_1_, resource1_.name as name7_0_1_, resource1_.parent_id as parent_13_0_1_, resource1_.sort as sort8_0_1_, resource1_.source_key as source_k9_0_1_, resource1_.source_url as source_10_0_1_, resource1_.type as type11_0_1_, resource1_.update_time as update_12_0_1_ from tb_role_resource resources0_ inner join tb_resource resource1_ on resources0_.resource_id=resource1_.id where resources0_.role_id=?
2018-11-22 15:35:44.077 [http-nio-8080-exec-10] DEBUG org.hibernate.SQL - select user0_.id as id1_3_0_, user0_.address as address2_3_0_, user0_.birthday as birthday3_3_0_, user0_.create_time as create_t4_3_0_, user0_.delete_status as delete_s5_3_0_, user0_.description as descript6_3_0_, user0_.email as email7_3_0_, user0_.locked as locked8_3_0_, user0_.nick_name as nick_nam9_3_0_, user0_.password as passwor10_3_0_, user0_.sex as sex11_3_0_, user0_.telephone as telepho12_3_0_, user0_.update_time as update_13_3_0_, user0_.user_name as user_na14_3_0_ from tb_user user0_ where user0_.id=?
2018-11-22 15:35:44.084 [http-nio-8080-exec-10] DEBUG org.hibernate.SQL - select roles0_.user_id as user_id1_4_0_, roles0_.role_id as role_id2_4_0_, role1_.id as id1_1_1_, role1_.create_time as create_t2_1_1_, role1_.description as descript3_1_1_, role1_.name as name4_1_1_, role1_.role_key as role_key5_1_1_, role1_.status as status6_1_1_, role1_.update_time as update_t7_1_1_ from tb_user_role roles0_ inner join tb_role role1_ on roles0_.role_id=role1_.id where roles0_.user_id=?
2018-11-22 15:35:44.086 [http-nio-8080-exec-10] DEBUG org.hibernate.SQL - select role0_.id as id1_1_, role0_.create_time as create_t2_1_, role0_.description as descript3_1_, role0_.name as name4_1_, role0_.role_key as role_key5_1_, role0_.status as status6_1_, role0_.update_time as update_t7_1_ from tb_role role0_
2018-11-22 15:36:22.919 [http-nio-8080-exec-4] DEBUG org.hibernate.SQL - select user0_.id as id1_3_, user0_.address as address2_3_, user0_.birthday as birthday3_3_, user0_.create_time as create_t4_3_, user0_.delete_status as delete_s5_3_, user0_.description as descript6_3_, user0_.email as email7_3_, user0_.locked as locked8_3_, user0_.nick_name as nick_nam9_3_, user0_.password as passwor10_3_, user0_.sex as sex11_3_, user0_.telephone as telepho12_3_, user0_.update_time as update_13_3_, user0_.user_name as user_na14_3_ from tb_user user0_ where user0_.user_name=?
2018-11-22 15:36:22.923 [http-nio-8080-exec-4] DEBUG org.hibernate.SQL - select roles0_.user_id as user_id1_4_0_, roles0_.role_id as role_id2_4_0_, role1_.id as id1_1_1_, role1_.create_time as create_t2_1_1_, role1_.description as descript3_1_1_, role1_.name as name4_1_1_, role1_.role_key as role_key5_1_1_, role1_.status as status6_1_1_, role1_.update_time as update_t7_1_1_ from tb_user_role roles0_ inner join tb_role role1_ on roles0_.role_id=role1_.id where roles0_.user_id=?
2018-11-22 15:36:22.925 [http-nio-8080-exec-4] DEBUG org.hibernate.SQL - select resources0_.role_id as role_id1_2_0_, resources0_.resource_id as resource2_2_0_, resource1_.id as id1_0_1_, resource1_.create_time as create_t2_0_1_, resource1_.description as descript3_0_1_, resource1_.icon as icon4_0_1_, resource1_.is_hide as is_hide5_0_1_, resource1_.level as level6_0_1_, resource1_.name as name7_0_1_, resource1_.parent_id as parent_13_0_1_, resource1_.sort as sort8_0_1_, resource1_.source_key as source_k9_0_1_, resource1_.source_url as source_10_0_1_, resource1_.type as type11_0_1_, resource1_.update_time as update_12_0_1_ from tb_role_resource resources0_ inner join tb_resource resource1_ on resources0_.resource_id=resource1_.id where resources0_.role_id=?
2018-11-22 15:36:22.929 [http-nio-8080-exec-4] DEBUG org.hibernate.SQL - select user0_.id as id1_3_, user0_.address as address2_3_, user0_.birthday as birthday3_3_, user0_.create_time as create_t4_3_, user0_.delete_status as delete_s5_3_, user0_.description as descript6_3_, user0_.email as email7_3_, user0_.locked as locked8_3_, user0_.nick_name as nick_nam9_3_, user0_.password as passwor10_3_, user0_.sex as sex11_3_, user0_.telephone as telepho12_3_, user0_.update_time as update_13_3_, user0_.user_name as user_na14_3_ from tb_user user0_ where user0_.user_name=?
2018-11-22 15:36:22.932 [http-nio-8080-exec-4] DEBUG org.hibernate.SQL - select user0_.id as id1_3_, user0_.address as address2_3_, user0_.birthday as birthday3_3_, user0_.create_time as create_t4_3_, user0_.delete_status as delete_s5_3_, user0_.description as descript6_3_, user0_.email as email7_3_, user0_.locked as locked8_3_, user0_.nick_name as nick_nam9_3_, user0_.password as passwor10_3_, user0_.sex as sex11_3_, user0_.telephone as telepho12_3_, user0_.update_time as update_13_3_, user0_.user_name as user_na14_3_ from tb_user user0_ where user0_.user_name=?
2018-11-22 15:36:35.715 [http-nio-8080-exec-9] DEBUG org.hibernate.SQL - select user0_.id as id1_3_, user0_.address as address2_3_, user0_.birthday as birthday3_3_, user0_.create_time as create_t4_3_, user0_.delete_status as delete_s5_3_, user0_.description as descript6_3_, user0_.email as email7_3_, user0_.locked as locked8_3_, user0_.nick_name as nick_nam9_3_, user0_.password as passwor10_3_, user0_.sex as sex11_3_, user0_.telephone as telepho12_3_, user0_.update_time as update_13_3_, user0_.user_name as user_na14_3_ from tb_user user0_ where user0_.user_name=?
2018-11-22 15:36:35.716 [http-nio-8080-exec-9] DEBUG org.hibernate.SQL - select roles0_.user_id as user_id1_4_0_, roles0_.role_id as role_id2_4_0_, role1_.id as id1_1_1_, role1_.create_time as create_t2_1_1_, role1_.description as descript3_1_1_, role1_.name as name4_1_1_, role1_.role_key as role_key5_1_1_, role1_.status as status6_1_1_, role1_.update_time as update_t7_1_1_ from tb_user_role roles0_ inner join tb_role role1_ on roles0_.role_id=role1_.id where roles0_.user_id=?
2018-11-22 15:36:35.718 [http-nio-8080-exec-9] DEBUG org.hibernate.SQL - select resources0_.role_id as role_id1_2_0_, resources0_.resource_id as resource2_2_0_, resource1_.id as id1_0_1_, resource1_.create_time as create_t2_0_1_, resource1_.description as descript3_0_1_, resource1_.icon as icon4_0_1_, resource1_.is_hide as is_hide5_0_1_, resource1_.level as level6_0_1_, resource1_.name as name7_0_1_, resource1_.parent_id as parent_13_0_1_, resource1_.sort as sort8_0_1_, resource1_.source_key as source_k9_0_1_, resource1_.source_url as source_10_0_1_, resource1_.type as type11_0_1_, resource1_.update_time as update_12_0_1_ from tb_role_resource resources0_ inner join tb_resource resource1_ on resources0_.resource_id=resource1_.id where resources0_.role_id=?
2018-11-22 15:36:35.721 [http-nio-8080-exec-9] DEBUG org.hibernate.SQL - select user0_.id as id1_3_, user0_.address as address2_3_, user0_.birthday as birthday3_3_, user0_.create_time as create_t4_3_, user0_.delete_status as delete_s5_3_, user0_.description as descript6_3_, user0_.email as email7_3_, user0_.locked as locked8_3_, user0_.nick_name as nick_nam9_3_, user0_.password as passwor10_3_, user0_.sex as sex11_3_, user0_.telephone as telepho12_3_, user0_.update_time as update_13_3_, user0_.user_name as user_na14_3_ from tb_user user0_ where user0_.user_name=?
2018-11-22 15:36:35.724 [http-nio-8080-exec-9] DEBUG org.hibernate.SQL - select user0_.id as id1_3_, user0_.address as address2_3_, user0_.birthday as birthday3_3_, user0_.create_time as create_t4_3_, user0_.delete_status as delete_s5_3_, user0_.description as descript6_3_, user0_.email as email7_3_, user0_.locked as locked8_3_, user0_.nick_name as nick_nam9_3_, user0_.password as passwor10_3_, user0_.sex as sex11_3_, user0_.telephone as telepho12_3_, user0_.update_time as update_13_3_, user0_.user_name as user_na14_3_ from tb_user user0_ where user0_.user_name=?
2018-11-22 15:36:35.726 [http-nio-8080-exec-9] DEBUG org.hibernate.SQL - select user0_.id as id1_3_, user0_.address as address2_3_, user0_.birthday as birthday3_3_, user0_.create_time as create_t4_3_, user0_.delete_status as delete_s5_3_, user0_.description as descript6_3_, user0_.email as email7_3_, user0_.locked as locked8_3_, user0_.nick_name as nick_nam9_3_, user0_.password as passwor10_3_, user0_.sex as sex11_3_, user0_.telephone as telepho12_3_, user0_.update_time as update_13_3_, user0_.user_name as user_na14_3_ from tb_user user0_ where user0_.user_name=?
2018-11-22 15:36:35.867 [http-nio-8080-exec-4] DEBUG org.hibernate.SQL - select count(user0_.id) as col_0_0_ from tb_user user0_
2018-11-22 15:36:35.867 [http-nio-8080-exec-4] DEBUG org.hibernate.SQL - select user0_.id as id1_3_, user0_.address as address2_3_, user0_.birthday as birthday3_3_, user0_.create_time as create_t4_3_, user0_.delete_status as delete_s5_3_, user0_.description as descript6_3_, user0_.email as email7_3_, user0_.locked as locked8_3_, user0_.nick_name as nick_nam9_3_, user0_.password as passwor10_3_, user0_.sex as sex11_3_, user0_.telephone as telepho12_3_, user0_.update_time as update_13_3_, user0_.user_name as user_na14_3_ from tb_user user0_ limit ?
2018-11-22 15:36:35.869 [http-nio-8080-exec-4] DEBUG org.hibernate.SQL - select roles0_.user_id as user_id1_4_0_, roles0_.role_id as role_id2_4_0_, role1_.id as id1_1_1_, role1_.create_time as create_t2_1_1_, role1_.description as descript3_1_1_, role1_.name as name4_1_1_, role1_.role_key as role_key5_1_1_, role1_.status as status6_1_1_, role1_.update_time as update_t7_1_1_ from tb_user_role roles0_ inner join tb_role role1_ on roles0_.role_id=role1_.id where roles0_.user_id=?
2018-11-22 15:36:35.871 [http-nio-8080-exec-4] DEBUG org.hibernate.SQL - select resources0_.role_id as role_id1_2_0_, resources0_.resource_id as resource2_2_0_, resource1_.id as id1_0_1_, resource1_.create_time as create_t2_0_1_, resource1_.description as descript3_0_1_, resource1_.icon as icon4_0_1_, resource1_.is_hide as is_hide5_0_1_, resource1_.level as level6_0_1_, resource1_.name as name7_0_1_, resource1_.parent_id as parent_13_0_1_, resource1_.sort as sort8_0_1_, resource1_.source_key as source_k9_0_1_, resource1_.source_url as source_10_0_1_, resource1_.type as type11_0_1_, resource1_.update_time as update_12_0_1_ from tb_role_resource resources0_ inner join tb_resource resource1_ on resources0_.resource_id=resource1_.id where resources0_.role_id=?
2018-11-22 15:36:40.414 [http-nio-8080-exec-2] DEBUG org.hibernate.SQL - select user0_.id as id1_3_0_, user0_.address as address2_3_0_, user0_.birthday as birthday3_3_0_, user0_.create_time as create_t4_3_0_, user0_.delete_status as delete_s5_3_0_, user0_.description as descript6_3_0_, user0_.email as email7_3_0_, user0_.locked as locked8_3_0_, user0_.nick_name as nick_nam9_3_0_, user0_.password as passwor10_3_0_, user0_.sex as sex11_3_0_, user0_.telephone as telepho12_3_0_, user0_.update_time as update_13_3_0_, user0_.user_name as user_na14_3_0_ from tb_user user0_ where user0_.id=?
2018-11-22 15:36:40.416 [http-nio-8080-exec-2] DEBUG org.hibernate.SQL - select roles0_.user_id as user_id1_4_0_, roles0_.role_id as role_id2_4_0_, role1_.id as id1_1_1_, role1_.create_time as create_t2_1_1_, role1_.description as descript3_1_1_, role1_.name as name4_1_1_, role1_.role_key as role_key5_1_1_, role1_.status as status6_1_1_, role1_.update_time as update_t7_1_1_ from tb_user_role roles0_ inner join tb_role role1_ on roles0_.role_id=role1_.id where roles0_.user_id=?
2018-11-22 15:36:40.418 [http-nio-8080-exec-2] DEBUG org.hibernate.SQL - select role0_.id as id1_1_, role0_.create_time as create_t2_1_, role0_.description as descript3_1_, role0_.name as name4_1_, role0_.role_key as role_key5_1_, role0_.status as status6_1_, role0_.update_time as update_t7_1_ from tb_role role0_
2018-11-22 15:51:03.333 [http-nio-8080-exec-3] DEBUG org.hibernate.SQL - select count(user0_.id) as col_0_0_ from tb_user user0_
2018-11-22 15:51:03.334 [http-nio-8080-exec-3] DEBUG org.hibernate.SQL - select user0_.id as id1_3_, user0_.address as address2_3_, user0_.birthday as birthday3_3_, user0_.create_time as create_t4_3_, user0_.delete_status as delete_s5_3_, user0_.description as descript6_3_, user0_.email as email7_3_, user0_.locked as locked8_3_, user0_.nick_name as nick_nam9_3_, user0_.password as passwor10_3_, user0_.sex as sex11_3_, user0_.telephone as telepho12_3_, user0_.update_time as update_13_3_, user0_.user_name as user_na14_3_ from tb_user user0_ limit ?
2018-11-22 15:51:03.336 [http-nio-8080-exec-3] DEBUG org.hibernate.SQL - select roles0_.user_id as user_id1_4_0_, roles0_.role_id as role_id2_4_0_, role1_.id as id1_1_1_, role1_.create_time as create_t2_1_1_, role1_.description as descript3_1_1_, role1_.name as name4_1_1_, role1_.role_key as role_key5_1_1_, role1_.status as status6_1_1_, role1_.update_time as update_t7_1_1_ from tb_user_role roles0_ inner join tb_role role1_ on roles0_.role_id=role1_.id where roles0_.user_id=?
2018-11-22 15:51:03.337 [http-nio-8080-exec-3] DEBUG org.hibernate.SQL - select resources0_.role_id as role_id1_2_0_, resources0_.resource_id as resource2_2_0_, resource1_.id as id1_0_1_, resource1_.create_time as create_t2_0_1_, resource1_.description as descript3_0_1_, resource1_.icon as icon4_0_1_, resource1_.is_hide as is_hide5_0_1_, resource1_.level as level6_0_1_, resource1_.name as name7_0_1_, resource1_.parent_id as parent_13_0_1_, resource1_.sort as sort8_0_1_, resource1_.source_key as source_k9_0_1_, resource1_.source_url as source_10_0_1_, resource1_.type as type11_0_1_, resource1_.update_time as update_12_0_1_ from tb_role_resource resources0_ inner join tb_resource resource1_ on resources0_.resource_id=resource1_.id where resources0_.role_id=?
2018-11-22 15:51:04.803 [http-nio-8080-exec-2] DEBUG org.hibernate.SQL - select user0_.id as id1_3_0_, user0_.address as address2_3_0_, user0_.birthday as birthday3_3_0_, user0_.create_time as create_t4_3_0_, user0_.delete_status as delete_s5_3_0_, user0_.description as descript6_3_0_, user0_.email as email7_3_0_, user0_.locked as locked8_3_0_, user0_.nick_name as nick_nam9_3_0_, user0_.password as passwor10_3_0_, user0_.sex as sex11_3_0_, user0_.telephone as telepho12_3_0_, user0_.update_time as update_13_3_0_, user0_.user_name as user_na14_3_0_ from tb_user user0_ where user0_.id=?
2018-11-22 15:51:09.538 [http-nio-8080-exec-9] DEBUG org.hibernate.SQL - select count(user0_.id) as col_0_0_ from tb_user user0_
2018-11-22 15:51:09.539 [http-nio-8080-exec-9] DEBUG org.hibernate.SQL - select user0_.id as id1_3_, user0_.address as address2_3_, user0_.birthday as birthday3_3_, user0_.create_time as create_t4_3_, user0_.delete_status as delete_s5_3_, user0_.description as descript6_3_, user0_.email as email7_3_, user0_.locked as locked8_3_, user0_.nick_name as nick_nam9_3_, user0_.password as passwor10_3_, user0_.sex as sex11_3_, user0_.telephone as telepho12_3_, user0_.update_time as update_13_3_, user0_.user_name as user_na14_3_ from tb_user user0_ limit ?
2018-11-22 15:51:09.542 [http-nio-8080-exec-9] DEBUG org.hibernate.SQL - select roles0_.user_id as user_id1_4_0_, roles0_.role_id as role_id2_4_0_, role1_.id as id1_1_1_, role1_.create_time as create_t2_1_1_, role1_.description as descript3_1_1_, role1_.name as name4_1_1_, role1_.role_key as role_key5_1_1_, role1_.status as status6_1_1_, role1_.update_time as update_t7_1_1_ from tb_user_role roles0_ inner join tb_role role1_ on roles0_.role_id=role1_.id where roles0_.user_id=?
2018-11-22 15:51:09.544 [http-nio-8080-exec-9] DEBUG org.hibernate.SQL - select resources0_.role_id as role_id1_2_0_, resources0_.resource_id as resource2_2_0_, resource1_.id as id1_0_1_, resource1_.create_time as create_t2_0_1_, resource1_.description as descript3_0_1_, resource1_.icon as icon4_0_1_, resource1_.is_hide as is_hide5_0_1_, resource1_.level as level6_0_1_, resource1_.name as name7_0_1_, resource1_.parent_id as parent_13_0_1_, resource1_.sort as sort8_0_1_, resource1_.source_key as source_k9_0_1_, resource1_.source_url as source_10_0_1_, resource1_.type as type11_0_1_, resource1_.update_time as update_12_0_1_ from tb_role_resource resources0_ inner join tb_resource resource1_ on resources0_.resource_id=resource1_.id where resources0_.role_id=?
2018-11-22 15:51:23.302 [http-nio-8080-exec-1] DEBUG org.hibernate.SQL - select user0_.id as id1_3_0_, user0_.address as address2_3_0_, user0_.birthday as birthday3_3_0_, user0_.create_time as create_t4_3_0_, user0_.delete_status as delete_s5_3_0_, user0_.description as descript6_3_0_, user0_.email as email7_3_0_, user0_.locked as locked8_3_0_, user0_.nick_name as nick_nam9_3_0_, user0_.password as passwor10_3_0_, user0_.sex as sex11_3_0_, user0_.telephone as telepho12_3_0_, user0_.update_time as update_13_3_0_, user0_.user_name as user_na14_3_0_ from tb_user user0_ where user0_.id=?
2018-11-22 15:51:30.052 [http-nio-8080-exec-9] DEBUG org.hibernate.SQL - select user0_.id as id1_3_0_, user0_.address as address2_3_0_, user0_.birthday as birthday3_3_0_, user0_.create_time as create_t4_3_0_, user0_.delete_status as delete_s5_3_0_, user0_.description as descript6_3_0_, user0_.email as email7_3_0_, user0_.locked as locked8_3_0_, user0_.nick_name as nick_nam9_3_0_, user0_.password as passwor10_3_0_, user0_.sex as sex11_3_0_, user0_.telephone as telepho12_3_0_, user0_.update_time as update_13_3_0_, user0_.user_name as user_na14_3_0_ from tb_user user0_ where user0_.id=?
2018-11-22 15:51:30.062 [http-nio-8080-exec-9] DEBUG org.hibernate.SQL - update tb_user set address=?, birthday=?, create_time=?, delete_status=?, description=?, email=?, locked=?, nick_name=?, password=?, sex=?, telephone=?, update_time=?, user_name=? where id=?
2018-11-22 15:51:32.090 [http-nio-8080-exec-1] DEBUG org.hibernate.SQL - select count(user0_.id) as col_0_0_ from tb_user user0_
2018-11-22 15:51:32.091 [http-nio-8080-exec-1] DEBUG org.hibernate.SQL - select user0_.id as id1_3_, user0_.address as address2_3_, user0_.birthday as birthday3_3_, user0_.create_time as create_t4_3_, user0_.delete_status as delete_s5_3_, user0_.description as descript6_3_, user0_.email as email7_3_, user0_.locked as locked8_3_, user0_.nick_name as nick_nam9_3_, user0_.password as passwor10_3_, user0_.sex as sex11_3_, user0_.telephone as telepho12_3_, user0_.update_time as update_13_3_, user0_.user_name as user_na14_3_ from tb_user user0_ limit ?
2018-11-22 15:51:32.095 [http-nio-8080-exec-1] DEBUG org.hibernate.SQL - select roles0_.user_id as user_id1_4_0_, roles0_.role_id as role_id2_4_0_, role1_.id as id1_1_1_, role1_.create_time as create_t2_1_1_, role1_.description as descript3_1_1_, role1_.name as name4_1_1_, role1_.role_key as role_key5_1_1_, role1_.status as status6_1_1_, role1_.update_time as update_t7_1_1_ from tb_user_role roles0_ inner join tb_role role1_ on roles0_.role_id=role1_.id where roles0_.user_id=?
2018-11-22 15:51:32.098 [http-nio-8080-exec-1] DEBUG org.hibernate.SQL - select resources0_.role_id as role_id1_2_0_, resources0_.resource_id as resource2_2_0_, resource1_.id as id1_0_1_, resource1_.create_time as create_t2_0_1_, resource1_.description as descript3_0_1_, resource1_.icon as icon4_0_1_, resource1_.is_hide as is_hide5_0_1_, resource1_.level as level6_0_1_, resource1_.name as name7_0_1_, resource1_.parent_id as parent_13_0_1_, resource1_.sort as sort8_0_1_, resource1_.source_key as source_k9_0_1_, resource1_.source_url as source_10_0_1_, resource1_.type as type11_0_1_, resource1_.update_time as update_12_0_1_ from tb_role_resource resources0_ inner join tb_resource resource1_ on resources0_.resource_id=resource1_.id where resources0_.role_id=?
