2018-08-06 22:53:29.861 [main] DEBUG net.sppan.base.config.listener.ApplicationEventListener - 初始化环境变量
2018-08-06 22:53:29.912 [main] INFO  net.sppan.base.Application - Starting Application on DESKTOP-3F7D5H0 with PID 38676 (D:\CoderLife\IdeaProjects\springboot_authority\target\classes started by simple-boom in D:\CoderLife\IdeaProjects\springboot_authority)
2018-08-06 22:53:29.912 [main] DEBUG net.sppan.base.Application - Running with Spring Boot v1.4.2.RELEASE, Spring v4.3.4.RELEASE
2018-08-06 22:53:29.912 [main] INFO  net.sppan.base.Application - No active profile set, falling back to default profiles: default
2018-08-06 22:53:29.946 [main] DEBUG net.sppan.base.config.listener.ApplicationEventListener - 初始化环境变量完成
2018-08-06 22:53:29.993 [background-preinit] DEBUG org.jboss.logging - Logging Provider: org.jboss.logging.Slf4jLoggerProvider found via system property
2018-08-06 22:53:31.562 [main] DEBUG net.sf.ehcache.config.ConfigurationFactory - Configuring ehcache from InputStream
2018-08-06 22:53:31.571 [main] DEBUG net.sf.ehcache.config.BeanHandler - Ignoring ehcache attribute xmlns:xsi
2018-08-06 22:53:31.571 [main] DEBUG net.sf.ehcache.config.BeanHandler - Ignoring ehcache attribute xsi:noNamespaceSchemaLocation
2018-08-06 22:53:31.572 [main] DEBUG net.sf.ehcache.config.DiskStoreConfiguration - Disk Store Path: C:\Users\SIMPLE~1\AppData\Local\Temp\
2018-08-06 22:53:31.582 [main] DEBUG net.sf.ehcache.util.PropertyUtil - propertiesString is null.
2018-08-06 22:53:31.586 [main] DEBUG net.sf.ehcache.config.ConfigurationHelper - No CacheManagerEventListenerFactory class specified. Skipping...
2018-08-06 22:53:31.610 [main] DEBUG net.sf.ehcache.Cache - No BootstrapCacheLoaderFactory class specified. Skipping...
2018-08-06 22:53:31.610 [main] DEBUG net.sf.ehcache.Cache - CacheWriter factory not configured. Skipping...
2018-08-06 22:53:31.610 [main] DEBUG net.sf.ehcache.config.ConfigurationHelper - No CacheExceptionHandlerFactory class specified. Skipping...
2018-08-06 22:53:31.614 [main] DEBUG net.sf.ehcache.Cache - No BootstrapCacheLoaderFactory class specified. Skipping...
2018-08-06 22:53:31.615 [main] DEBUG net.sf.ehcache.Cache - CacheWriter factory not configured. Skipping...
2018-08-06 22:53:31.615 [main] DEBUG net.sf.ehcache.config.ConfigurationHelper - No CacheExceptionHandlerFactory class specified. Skipping...
2018-08-06 22:53:31.615 [main] WARN  net.sf.ehcache.config.CacheConfiguration - Configuration problem for cache resourceCache: MaxEntriesLocalHeap equal or greater than MaxEntriesLocalDisk. This will result in useless disk storage.
2018-08-06 22:53:31.624 [main] DEBUG net.sf.ehcache.DiskStorePathManager - Using diskstore path C:\Users\SIMPLE~1\AppData\Local\Temp
2018-08-06 22:53:31.624 [main] DEBUG net.sf.ehcache.DiskStorePathManager - Holding exclusive lock on C:\Users\SIMPLE~1\AppData\Local\Temp\.ehcache-diskstore.lock
2018-08-06 22:53:31.626 [main] DEBUG net.sf.ehcache.store.disk.DiskStorageFactory - Failed to delete file resource%0043ache.index
2018-08-06 22:53:31.630 [main] DEBUG net.sf.ehcache.store.disk.DiskStorageFactory - Matching data file missing (or empty) for index file. Deleting index file C:\Users\SIMPLE~1\AppData\Local\Temp\resource%0043ache.index
2018-08-06 22:53:31.631 [main] DEBUG net.sf.ehcache.store.disk.DiskStorageFactory - Failed to delete file resource%0043ache.index
2018-08-06 22:53:31.660 [main] DEBUG net.sf.ehcache.statistics.extended.ExtendedStatisticsImpl - Mocking Pass-Through Statistic: LOCAL_OFFHEAP_SIZE
2018-08-06 22:53:31.660 [main] DEBUG net.sf.ehcache.statistics.extended.ExtendedStatisticsImpl - Mocking Pass-Through Statistic: LOCAL_OFFHEAP_SIZE_BYTES
2018-08-06 22:53:31.661 [main] DEBUG net.sf.ehcache.statistics.extended.ExtendedStatisticsImpl - Mocking Pass-Through Statistic: WRITER_QUEUE_LENGTH
2018-08-06 22:53:31.661 [main] DEBUG net.sf.ehcache.statistics.extended.ExtendedStatisticsImpl - Mocking Pass-Through Statistic: REMOTE_SIZE
2018-08-06 22:53:31.661 [main] DEBUG net.sf.ehcache.statistics.extended.ExtendedStatisticsImpl - Mocking Pass-Through Statistic: LAST_REJOIN_TIMESTAMP
2018-08-06 22:53:31.668 [main] DEBUG net.sf.ehcache.statistics.extended.ExtendedStatisticsImpl - Mocking Operation Statistic: OFFHEAP_GET
2018-08-06 22:53:31.669 [main] DEBUG net.sf.ehcache.statistics.extended.ExtendedStatisticsImpl - Mocking Operation Statistic: OFFHEAP_PUT
2018-08-06 22:53:31.669 [main] DEBUG net.sf.ehcache.statistics.extended.ExtendedStatisticsImpl - Mocking Operation Statistic: OFFHEAP_REMOVE
2018-08-06 22:53:31.669 [main] DEBUG net.sf.ehcache.statistics.extended.ExtendedStatisticsImpl - Mocking Operation Statistic: XA_COMMIT
2018-08-06 22:53:31.669 [main] DEBUG net.sf.ehcache.statistics.extended.ExtendedStatisticsImpl - Mocking Operation Statistic: XA_ROLLBACK
2018-08-06 22:53:31.669 [main] DEBUG net.sf.ehcache.statistics.extended.ExtendedStatisticsImpl - Mocking Operation Statistic: XA_RECOVERY
2018-08-06 22:53:31.670 [main] DEBUG net.sf.ehcache.statistics.extended.ExtendedStatisticsImpl - Mocking Operation Statistic: CLUSTER_EVENT
2018-08-06 22:53:31.670 [main] DEBUG net.sf.ehcache.statistics.extended.ExtendedStatisticsImpl - Mocking Operation Statistic: NONSTOP
2018-08-06 22:53:31.672 [main] DEBUG net.sf.ehcache.Cache - Initialised cache: resourceCache
2018-08-06 22:53:31.673 [main] DEBUG net.sf.ehcache.config.ConfigurationHelper - CacheDecoratorFactory not configured. Skipping for 'resourceCache'.
2018-08-06 22:53:31.673 [main] DEBUG net.sf.ehcache.config.ConfigurationHelper - CacheDecoratorFactory not configured for defaultCache. Skipping for 'resourceCache'.
2018-08-06 22:53:32.302 [main] INFO  com.alibaba.druid.pool.DruidDataSource - {dataSource-1} inited
2018-08-06 22:53:32.815 [main] DEBUG org.hibernate.SQL - alter table tb_resource drop foreign key FKf5ra2gn0xedeida2op8097sr5
2018-08-06 22:53:32.819 [main] ERROR org.hibernate.tool.hbm2ddl.SchemaExport - HHH000389: Unsuccessful: alter table tb_resource drop foreign key FKf5ra2gn0xedeida2op8097sr5
2018-08-06 22:53:32.819 [main] ERROR org.hibernate.tool.hbm2ddl.SchemaExport - Table 'authority.tb_resource' doesn't exist
2018-08-06 22:53:32.819 [main] DEBUG org.hibernate.SQL - alter table tb_role_resource drop foreign key FK868kc8iic48ilv5npa80ut6qo
2018-08-06 22:53:32.820 [main] ERROR org.hibernate.tool.hbm2ddl.SchemaExport - HHH000389: Unsuccessful: alter table tb_role_resource drop foreign key FK868kc8iic48ilv5npa80ut6qo
2018-08-06 22:53:32.820 [main] ERROR org.hibernate.tool.hbm2ddl.SchemaExport - Table 'authority.tb_role_resource' doesn't exist
2018-08-06 22:53:32.820 [main] DEBUG org.hibernate.SQL - alter table tb_role_resource drop foreign key FK7ffc7h6obqxflhj1aq1mk20jk
2018-08-06 22:53:32.820 [main] ERROR org.hibernate.tool.hbm2ddl.SchemaExport - HHH000389: Unsuccessful: alter table tb_role_resource drop foreign key FK7ffc7h6obqxflhj1aq1mk20jk
2018-08-06 22:53:32.820 [main] ERROR org.hibernate.tool.hbm2ddl.SchemaExport - Table 'authority.tb_role_resource' doesn't exist
2018-08-06 22:53:32.820 [main] DEBUG org.hibernate.SQL - alter table tb_user_role drop foreign key FKea2ootw6b6bb0xt3ptl28bymv
2018-08-06 22:53:32.821 [main] ERROR org.hibernate.tool.hbm2ddl.SchemaExport - HHH000389: Unsuccessful: alter table tb_user_role drop foreign key FKea2ootw6b6bb0xt3ptl28bymv
2018-08-06 22:53:32.821 [main] ERROR org.hibernate.tool.hbm2ddl.SchemaExport - Table 'authority.tb_user_role' doesn't exist
2018-08-06 22:53:32.821 [main] DEBUG org.hibernate.SQL - alter table tb_user_role drop foreign key FK7vn3h53d0tqdimm8cp45gc0kl
2018-08-06 22:53:32.822 [main] ERROR org.hibernate.tool.hbm2ddl.SchemaExport - HHH000389: Unsuccessful: alter table tb_user_role drop foreign key FK7vn3h53d0tqdimm8cp45gc0kl
2018-08-06 22:53:32.822 [main] ERROR org.hibernate.tool.hbm2ddl.SchemaExport - Table 'authority.tb_user_role' doesn't exist
2018-08-06 22:53:32.822 [main] DEBUG org.hibernate.SQL - drop table if exists tb_resource
2018-08-06 22:53:32.824 [main] DEBUG org.hibernate.SQL - drop table if exists tb_role
2018-08-06 22:53:32.825 [main] DEBUG org.hibernate.SQL - drop table if exists tb_role_resource
2018-08-06 22:53:32.825 [main] DEBUG org.hibernate.SQL - drop table if exists tb_user
2018-08-06 22:53:32.826 [main] DEBUG org.hibernate.SQL - drop table if exists tb_user_role
2018-08-06 22:53:32.827 [main] DEBUG org.hibernate.SQL - create table tb_resource (id integer not null auto_increment, create_time datetime, description varchar(255), icon varchar(255), is_hide integer, level integer, name varchar(255), sort integer, source_key varchar(255), source_url varchar(255), type integer, update_time datetime, parent_id integer, primary key (id))
2018-08-06 22:53:32.901 [main] DEBUG org.hibernate.SQL - create table tb_role (id integer not null auto_increment, create_time datetime, description varchar(255), name varchar(255), role_key varchar(255), status integer, update_time datetime, primary key (id))
2018-08-06 22:53:32.936 [main] DEBUG org.hibernate.SQL - create table tb_role_resource (role_id integer not null, resource_id integer not null, primary key (role_id, resource_id))
2018-08-06 22:53:32.973 [main] DEBUG org.hibernate.SQL - create table tb_user (id integer not null auto_increment, address varchar(255), birthday datetime, create_time datetime, delete_status integer, description varchar(255), email varchar(255), locked integer, nick_name varchar(255), password varchar(255), sex integer, telephone varchar(255), update_time datetime, user_name varchar(255), primary key (id))
2018-08-06 22:53:33.014 [main] DEBUG org.hibernate.SQL - create table tb_user_role (user_id integer not null, role_id integer not null, primary key (user_id, role_id))
2018-08-06 22:53:33.074 [main] DEBUG org.hibernate.SQL - alter table tb_resource add constraint FKf5ra2gn0xedeida2op8097sr5 foreign key (parent_id) references tb_resource (id)
2018-08-06 22:53:33.200 [main] DEBUG org.hibernate.SQL - alter table tb_role_resource add constraint FK868kc8iic48ilv5npa80ut6qo foreign key (resource_id) references tb_resource (id)
2018-08-06 22:53:33.289 [main] DEBUG org.hibernate.SQL - alter table tb_role_resource add constraint FK7ffc7h6obqxflhj1aq1mk20jk foreign key (role_id) references tb_role (id)
2018-08-06 22:53:33.376 [main] DEBUG org.hibernate.SQL - alter table tb_user_role add constraint FKea2ootw6b6bb0xt3ptl28bymv foreign key (role_id) references tb_role (id)
2018-08-06 22:53:33.461 [main] DEBUG org.hibernate.SQL - alter table tb_user_role add constraint FK7vn3h53d0tqdimm8cp45gc0kl foreign key (user_id) references tb_user (id)
2018-08-06 22:53:34.135 [main] INFO  org.apache.catalina.core.StandardService - Starting service Tomcat
2018-08-06 22:53:34.136 [main] INFO  org.apache.catalina.core.StandardEngine - Starting Servlet Engine: Apache Tomcat/8.5.6
2018-08-06 22:53:34.236 [localhost-startStop-1] INFO  org.apache.catalina.core.ContainerBase.[Tomcat].[localhost].[/] - Initializing Spring embedded WebApplicationContext
2018-08-06 22:53:35.436 [main] DEBUG net.sppan.base.config.listener.ApplicationEventListener - 应用刷新
2018-08-06 22:53:35.447 [main] INFO  org.apache.coyote.http11.Http11NioProtocol - Initializing ProtocolHandler ["http-nio-80"]
2018-08-06 22:53:35.453 [main] INFO  org.apache.coyote.http11.Http11NioProtocol - Starting ProtocolHandler [http-nio-80]
2018-08-06 22:53:35.468 [main] INFO  org.apache.tomcat.util.net.NioSelectorPool - Using a shared selector for servlet write/read
2018-08-06 22:53:35.489 [main] DEBUG net.sppan.base.config.listener.ApplicationEventListener - 应用已启动完成
2018-08-06 22:53:35.489 [main] INFO  net.sppan.base.Application - Started Application in 5.811 seconds (JVM running for 7.128)
2018-08-06 22:53:35.489 [main] DEBUG net.sppan.base.Application - 启动成功
2018-08-06 23:14:31.323 [main] DEBUG net.sppan.base.config.listener.ApplicationEventListener - 初始化环境变量
2018-08-06 23:14:31.383 [main] INFO  net.sppan.base.Application - Starting Application on DESKTOP-3F7D5H0 with PID 39932 (D:\CoderLife\IdeaProjects\springboot_authority\target\classes started by simple-boom in D:\CoderLife\IdeaProjects\springboot_authority)
2018-08-06 23:14:31.384 [main] DEBUG net.sppan.base.Application - Running with Spring Boot v1.4.2.RELEASE, Spring v4.3.4.RELEASE
2018-08-06 23:14:31.384 [main] INFO  net.sppan.base.Application - No active profile set, falling back to default profiles: default
2018-08-06 23:14:31.421 [main] DEBUG net.sppan.base.config.listener.ApplicationEventListener - 初始化环境变量完成
2018-08-06 23:14:31.485 [background-preinit] DEBUG org.jboss.logging - Logging Provider: org.jboss.logging.Slf4jLoggerProvider found via system property
2018-08-06 23:14:32.543 [main] DEBUG net.sf.ehcache.config.ConfigurationFactory - Configuring ehcache from InputStream
2018-08-06 23:14:32.553 [main] DEBUG net.sf.ehcache.config.BeanHandler - Ignoring ehcache attribute xmlns:xsi
2018-08-06 23:14:32.553 [main] DEBUG net.sf.ehcache.config.BeanHandler - Ignoring ehcache attribute xsi:noNamespaceSchemaLocation
2018-08-06 23:14:32.554 [main] DEBUG net.sf.ehcache.config.DiskStoreConfiguration - Disk Store Path: C:\Users\SIMPLE~1\AppData\Local\Temp\
2018-08-06 23:14:32.563 [main] DEBUG net.sf.ehcache.util.PropertyUtil - propertiesString is null.
2018-08-06 23:14:32.566 [main] DEBUG net.sf.ehcache.config.ConfigurationHelper - No CacheManagerEventListenerFactory class specified. Skipping...
2018-08-06 23:14:32.590 [main] DEBUG net.sf.ehcache.Cache - No BootstrapCacheLoaderFactory class specified. Skipping...
2018-08-06 23:14:32.590 [main] DEBUG net.sf.ehcache.Cache - CacheWriter factory not configured. Skipping...
2018-08-06 23:14:32.590 [main] DEBUG net.sf.ehcache.config.ConfigurationHelper - No CacheExceptionHandlerFactory class specified. Skipping...
2018-08-06 23:14:32.594 [main] DEBUG net.sf.ehcache.Cache - No BootstrapCacheLoaderFactory class specified. Skipping...
2018-08-06 23:14:32.594 [main] DEBUG net.sf.ehcache.Cache - CacheWriter factory not configured. Skipping...
2018-08-06 23:14:32.594 [main] DEBUG net.sf.ehcache.config.ConfigurationHelper - No CacheExceptionHandlerFactory class specified. Skipping...
2018-08-06 23:14:32.595 [main] WARN  net.sf.ehcache.config.CacheConfiguration - Configuration problem for cache resourceCache: MaxEntriesLocalHeap equal or greater than MaxEntriesLocalDisk. This will result in useless disk storage.
2018-08-06 23:14:32.601 [main] DEBUG net.sf.ehcache.DiskStorePathManager - Using diskstore path C:\Users\SIMPLE~1\AppData\Local\Temp
2018-08-06 23:14:32.601 [main] DEBUG net.sf.ehcache.DiskStorePathManager - Holding exclusive lock on C:\Users\SIMPLE~1\AppData\Local\Temp\.ehcache-diskstore.lock
2018-08-06 23:14:32.603 [main] DEBUG net.sf.ehcache.store.disk.DiskStorageFactory - Failed to delete file resource%0043ache.index
2018-08-06 23:14:32.608 [main] DEBUG net.sf.ehcache.store.disk.DiskStorageFactory - Matching data file missing (or empty) for index file. Deleting index file C:\Users\SIMPLE~1\AppData\Local\Temp\resource%0043ache.index
2018-08-06 23:14:32.608 [main] DEBUG net.sf.ehcache.store.disk.DiskStorageFactory - Failed to delete file resource%0043ache.index
2018-08-06 23:14:32.633 [main] DEBUG net.sf.ehcache.statistics.extended.ExtendedStatisticsImpl - Mocking Pass-Through Statistic: LOCAL_OFFHEAP_SIZE
2018-08-06 23:14:32.634 [main] DEBUG net.sf.ehcache.statistics.extended.ExtendedStatisticsImpl - Mocking Pass-Through Statistic: LOCAL_OFFHEAP_SIZE_BYTES
2018-08-06 23:14:32.634 [main] DEBUG net.sf.ehcache.statistics.extended.ExtendedStatisticsImpl - Mocking Pass-Through Statistic: WRITER_QUEUE_LENGTH
2018-08-06 23:14:32.634 [main] DEBUG net.sf.ehcache.statistics.extended.ExtendedStatisticsImpl - Mocking Pass-Through Statistic: REMOTE_SIZE
2018-08-06 23:14:32.634 [main] DEBUG net.sf.ehcache.statistics.extended.ExtendedStatisticsImpl - Mocking Pass-Through Statistic: LAST_REJOIN_TIMESTAMP
2018-08-06 23:14:32.641 [main] DEBUG net.sf.ehcache.statistics.extended.ExtendedStatisticsImpl - Mocking Operation Statistic: OFFHEAP_GET
2018-08-06 23:14:32.641 [main] DEBUG net.sf.ehcache.statistics.extended.ExtendedStatisticsImpl - Mocking Operation Statistic: OFFHEAP_PUT
2018-08-06 23:14:32.641 [main] DEBUG net.sf.ehcache.statistics.extended.ExtendedStatisticsImpl - Mocking Operation Statistic: OFFHEAP_REMOVE
2018-08-06 23:14:32.642 [main] DEBUG net.sf.ehcache.statistics.extended.ExtendedStatisticsImpl - Mocking Operation Statistic: XA_COMMIT
2018-08-06 23:14:32.642 [main] DEBUG net.sf.ehcache.statistics.extended.ExtendedStatisticsImpl - Mocking Operation Statistic: XA_ROLLBACK
2018-08-06 23:14:32.642 [main] DEBUG net.sf.ehcache.statistics.extended.ExtendedStatisticsImpl - Mocking Operation Statistic: XA_RECOVERY
2018-08-06 23:14:32.643 [main] DEBUG net.sf.ehcache.statistics.extended.ExtendedStatisticsImpl - Mocking Operation Statistic: CLUSTER_EVENT
2018-08-06 23:14:32.643 [main] DEBUG net.sf.ehcache.statistics.extended.ExtendedStatisticsImpl - Mocking Operation Statistic: NONSTOP
2018-08-06 23:14:32.645 [main] DEBUG net.sf.ehcache.Cache - Initialised cache: resourceCache
2018-08-06 23:14:32.646 [main] DEBUG net.sf.ehcache.config.ConfigurationHelper - CacheDecoratorFactory not configured. Skipping for 'resourceCache'.
2018-08-06 23:14:32.646 [main] DEBUG net.sf.ehcache.config.ConfigurationHelper - CacheDecoratorFactory not configured for defaultCache. Skipping for 'resourceCache'.
2018-08-06 23:14:33.127 [main] INFO  com.alibaba.druid.pool.DruidDataSource - {dataSource-1} inited
2018-08-06 23:14:33.622 [main] DEBUG org.hibernate.SQL - alter table tb_resource drop foreign key FKf5ra2gn0xedeida2op8097sr5
2018-08-06 23:14:33.655 [main] DEBUG org.hibernate.SQL - alter table tb_role_resource drop foreign key FK868kc8iic48ilv5npa80ut6qo
2018-08-06 23:14:33.691 [main] DEBUG org.hibernate.SQL - alter table tb_role_resource drop foreign key FK7ffc7h6obqxflhj1aq1mk20jk
2018-08-06 23:14:33.719 [main] DEBUG org.hibernate.SQL - alter table tb_user_role drop foreign key FKea2ootw6b6bb0xt3ptl28bymv
2018-08-06 23:14:33.756 [main] DEBUG org.hibernate.SQL - alter table tb_user_role drop foreign key FK7vn3h53d0tqdimm8cp45gc0kl
2018-08-06 23:14:33.781 [main] DEBUG org.hibernate.SQL - drop table if exists tb_resource
2018-08-06 23:14:33.801 [main] DEBUG org.hibernate.SQL - drop table if exists tb_role
2018-08-06 23:14:33.829 [main] DEBUG org.hibernate.SQL - drop table if exists tb_role_resource
2018-08-06 23:14:33.859 [main] DEBUG org.hibernate.SQL - drop table if exists tb_user
2018-08-06 23:14:33.902 [main] DEBUG org.hibernate.SQL - drop table if exists tb_user_role
2018-08-06 23:14:33.967 [main] DEBUG org.hibernate.SQL - create table tb_resource (id integer not null auto_increment, create_time datetime, description varchar(255), icon varchar(255), is_hide integer, level integer, name varchar(255), sort integer, source_key varchar(255), source_url varchar(255), type integer, update_time datetime, parent_id integer, primary key (id))
2018-08-06 23:14:34.062 [main] DEBUG org.hibernate.SQL - create table tb_role (id integer not null auto_increment, create_time datetime, description varchar(255), name varchar(255), role_key varchar(255), status integer, update_time datetime, primary key (id))
2018-08-06 23:14:34.136 [main] DEBUG org.hibernate.SQL - create table tb_role_resource (role_id integer not null, resource_id integer not null, primary key (role_id, resource_id))
2018-08-06 23:14:34.215 [main] DEBUG org.hibernate.SQL - create table tb_user (id integer not null auto_increment, address varchar(255), birthday datetime, create_time datetime, delete_status integer, description varchar(255), email varchar(255), locked integer, nick_name varchar(255), password varchar(255), sex integer, telephone varchar(255), update_time datetime, user_name varchar(255), primary key (id))
2018-08-06 23:14:34.307 [main] DEBUG org.hibernate.SQL - create table tb_user_role (user_id integer not null, role_id integer not null, primary key (user_id, role_id))
2018-08-06 23:14:34.388 [main] DEBUG org.hibernate.SQL - alter table tb_resource add constraint FKf5ra2gn0xedeida2op8097sr5 foreign key (parent_id) references tb_resource (id)
2018-08-06 23:14:34.606 [main] DEBUG org.hibernate.SQL - alter table tb_role_resource add constraint FK868kc8iic48ilv5npa80ut6qo foreign key (resource_id) references tb_resource (id)
2018-08-06 23:14:34.705 [main] DEBUG org.hibernate.SQL - alter table tb_role_resource add constraint FK7ffc7h6obqxflhj1aq1mk20jk foreign key (role_id) references tb_role (id)
2018-08-06 23:14:34.817 [main] DEBUG org.hibernate.SQL - alter table tb_user_role add constraint FKea2ootw6b6bb0xt3ptl28bymv foreign key (role_id) references tb_role (id)
2018-08-06 23:14:34.907 [main] DEBUG org.hibernate.SQL - alter table tb_user_role add constraint FK7vn3h53d0tqdimm8cp45gc0kl foreign key (user_id) references tb_user (id)
2018-08-06 23:14:35.505 [main] INFO  org.apache.catalina.core.StandardService - Starting service Tomcat
2018-08-06 23:14:35.506 [main] INFO  org.apache.catalina.core.StandardEngine - Starting Servlet Engine: Apache Tomcat/8.5.6
2018-08-06 23:14:35.596 [localhost-startStop-1] INFO  org.apache.catalina.core.ContainerBase.[Tomcat].[localhost].[/] - Initializing Spring embedded WebApplicationContext
2018-08-06 23:14:36.722 [main] DEBUG net.sppan.base.config.listener.ApplicationEventListener - 应用刷新
2018-08-06 23:14:36.729 [main] INFO  org.apache.coyote.http11.Http11NioProtocol - Initializing ProtocolHandler ["http-nio-8080"]
2018-08-06 23:14:36.734 [main] INFO  org.apache.coyote.http11.Http11NioProtocol - Starting ProtocolHandler [http-nio-8080]
2018-08-06 23:14:36.745 [main] INFO  org.apache.tomcat.util.net.NioSelectorPool - Using a shared selector for servlet write/read
2018-08-06 23:14:36.766 [main] DEBUG net.sppan.base.config.listener.ApplicationEventListener - 应用已启动完成
2018-08-06 23:14:36.767 [main] INFO  net.sppan.base.Application - Started Application in 5.644 seconds (JVM running for 6.502)
2018-08-06 23:14:36.767 [main] DEBUG net.sppan.base.Application - 启动成功
2018-08-06 23:15:00.339 [http-nio-8080-exec-1] INFO  org.apache.catalina.core.ContainerBase.[Tomcat].[localhost].[/] - Initializing Spring FrameworkServlet 'dispatcherServlet'
2018-08-06 23:15:39.793 [http-nio-8080-exec-5] DEBUG org.hibernate.SQL - select user0_.id as id1_3_, user0_.address as address2_3_, user0_.birthday as birthday3_3_, user0_.create_time as create_t4_3_, user0_.delete_status as delete_s5_3_, user0_.description as descript6_3_, user0_.email as email7_3_, user0_.locked as locked8_3_, user0_.nick_name as nick_nam9_3_, user0_.password as passwor10_3_, user0_.sex as sex11_3_, user0_.telephone as telepho12_3_, user0_.update_time as update_13_3_, user0_.user_name as user_na14_3_ from tb_user user0_ where user0_.user_name=?
2018-08-06 23:15:48.613 [http-nio-8080-exec-6] DEBUG org.hibernate.SQL - select user0_.id as id1_3_, user0_.address as address2_3_, user0_.birthday as birthday3_3_, user0_.create_time as create_t4_3_, user0_.delete_status as delete_s5_3_, user0_.description as descript6_3_, user0_.email as email7_3_, user0_.locked as locked8_3_, user0_.nick_name as nick_nam9_3_, user0_.password as passwor10_3_, user0_.sex as sex11_3_, user0_.telephone as telepho12_3_, user0_.update_time as update_13_3_, user0_.user_name as user_na14_3_ from tb_user user0_ where user0_.user_name=?
2018-08-06 23:19:43.658 [http-nio-8080-exec-9] DEBUG org.hibernate.SQL - select user0_.id as id1_3_, user0_.address as address2_3_, user0_.birthday as birthday3_3_, user0_.create_time as create_t4_3_, user0_.delete_status as delete_s5_3_, user0_.description as descript6_3_, user0_.email as email7_3_, user0_.locked as locked8_3_, user0_.nick_name as nick_nam9_3_, user0_.password as passwor10_3_, user0_.sex as sex11_3_, user0_.telephone as telepho12_3_, user0_.update_time as update_13_3_, user0_.user_name as user_na14_3_ from tb_user user0_ where user0_.user_name=?
2018-08-06 23:19:53.361 [http-nio-8080-exec-6] DEBUG org.hibernate.SQL - select user0_.id as id1_3_, user0_.address as address2_3_, user0_.birthday as birthday3_3_, user0_.create_time as create_t4_3_, user0_.delete_status as delete_s5_3_, user0_.description as descript6_3_, user0_.email as email7_3_, user0_.locked as locked8_3_, user0_.nick_name as nick_nam9_3_, user0_.password as passwor10_3_, user0_.sex as sex11_3_, user0_.telephone as telepho12_3_, user0_.update_time as update_13_3_, user0_.user_name as user_na14_3_ from tb_user user0_ where user0_.user_name=?
